\BOOKMARK [0][-]{chapter*.7}{\376\377\000M\036\344\000C\000\040\000L\036\344\000C}{}% 1
\BOOKMARK [0][-]{chapter*.8}{\376\377\000D\000A\000N\000H\000\040\000M\036\344\000C\000\040\000B\036\242\000N\000G\000\040\000B\000I\036\302\000U}{}% 2
\BOOKMARK [0][-]{chapter*.9}{\376\377\000D\000A\000N\000H\000\040\000M\036\344\000C\000\040\000H\000\314\000N\000H\000\040\036\242\000N\000H}{}% 3
\BOOKMARK [0][-]{chapter.1}{\376\377\000G\000i\036\333\000i\000\040\000t\000h\000i\036\307\000u}{}% 4
\BOOKMARK [1][-]{section.1.1}{\376\377\000P\000h\000\341\000t\000\040\000b\000i\036\303\000u\000\040\000b\000\340\000i\000\040\000t\000o\000\341\000n}{chapter.1}% 5
\BOOKMARK [1][-]{section.1.2}{\376\377\000M\036\345\000c\000\040\000t\000i\000\352\000u}{chapter.1}% 6
\BOOKMARK [1][-]{section.1.3}{\376\377\000P\000h\036\241\000m\000\040\000v\000i}{chapter.1}% 7
\BOOKMARK [2][-]{subsection.1.3.1}{\376\377\001\020\036\321\000i\000\040\000t\001\260\036\343\000n\000g\000\040\000n\000g\001\260\036\335\000i\000\040\000d\000\371\000n\000g}{section.1.3}% 8
\BOOKMARK [2][-]{subsection.1.3.2}{\376\377\000M\000\364\000i\000\040\000t\000r\001\260\036\335\000n\000g\000\040\000v\036\255\000n\000\040\000h\000\340\000n\000h}{section.1.3}% 9
\BOOKMARK [2][-]{subsection.1.3.3}{\376\377\000T\000h\036\335\000i\000\040\000g\000i\000a\000n\000\040\000t\000h\036\361\000c\000\040\000h\000i\036\307\000n}{section.1.3}% 10
\BOOKMARK [2][-]{subsection.1.3.4}{\376\377\000G\000i\036\333\000i\000\040\000h\036\241\000n\000\040\000k\036\371\000\040\000t\000h\000u\036\255\000t}{section.1.3}% 11
\BOOKMARK [2][-]{subsection.1.3.5}{\376\377\000R\000\340\000n\000g\000\040\000b\000u\036\331\000c}{section.1.3}% 12
\BOOKMARK [1][-]{section.1.4}{\376\377\000K\036\277\000t\000\040\000l\000u\036\255\000n\000\040\000c\000h\001\260\001\241\000n\000g}{chapter.1}% 13
\BOOKMARK [0][-]{chapter.2}{\376\377\000N\036\301\000n\000\040\000t\036\243\000n\000g\000\040\000c\000\364\000n\000g\000\040\000n\000g\000h\036\307}{}% 14
\BOOKMARK [1][-]{section.2.1}{\376\377\000P\000h\000\341\000t\000\040\000t\000r\000i\036\303\000n\000\040\000w\000e\000b}{chapter.2}% 15
\BOOKMARK [2][-]{subsection.2.1.1}{\376\377\000T\036\325\000n\000g\000\040\000q\000u\000a\000n\000\040\000v\036\301\000\040\000p\000h\000\341\000t\000\040\000t\000r\000i\036\303\000n\000\040\000W\000e\000b\000\040\000A\000p\000p\000l\000i\000c\000a\000t\000i\000o\000n}{section.2.1}% 16
\BOOKMARK [1][-]{section.2.2}{\376\377\000P\000h\000\341\000t\000\040\000t\000r\000i\036\303\000n\000\040\000f\000r\000o\000n\000t\000e\000n\000d}{chapter.2}% 17
\BOOKMARK [2][-]{subsection.2.2.1}{\376\377\000P\000h\000\342\000n\000\040\000t\000\355\000c\000h\000\040\000c\000\341\000c\000\040\000f\000r\000o\000n\000t\000e\000n\000d\000\040\000f\000r\000a\000m\000e\000w\000o\000r\000k}{section.2.2}% 18
\BOOKMARK [1][-]{section.2.3}{\376\377\000P\000h\000\341\000t\000\040\000t\000r\000i\036\303\000n\000\040\000m\000\341\000y\000\040\000c\000h\036\347}{chapter.2}% 19
\BOOKMARK [2][-]{subsection.2.3.1}{\376\377\000P\000h\000\342\000n\000\040\000t\000\355\000c\000h\000\040\000b\000a\000c\000k\000e\000n\000d\000\040\000f\000r\000a\000m\000e\000w\000o\000r\000k}{section.2.3}% 20
\BOOKMARK [2][-]{subsection.2.3.2}{\376\377\000P\000h\000\342\000n\000\040\000t\000\355\000c\000h\000\040\000c\000\364\000n\000g\000\040\000n\000g\000h\036\307\000\040\000d\000a\000t\000a\000b\000a\000s\000e}{section.2.3}% 21
\BOOKMARK [2][-]{subsection.2.3.3}{\376\377\000P\000h\000\342\000n\000\040\000t\000\355\000c\000h\000\040\000c\000l\000o\000u\000d\000\040\000i\000n\000f\000r\000a\000s\000t\000r\000u\000c\000t\000u\000r\000e}{section.2.3}% 22
\BOOKMARK [0][-]{chapter.3}{\376\377\000P\000h\000\342\000n\000\040\000t\000\355\000c\000h\000\040\000v\000\340\000\040\000t\000h\000i\036\277\000t\000\040\000k\036\277\000\040\000h\036\307\000\040\000t\000h\036\321\000n\000g}{}% 23
\BOOKMARK [1][-]{section.3.1}{\376\377\000P\000h\000\342\000n\000\040\000t\000\355\000c\000h\000\040\000v\000\340\000\040\000s\000o\000\040\000s\000\341\000n\000h\000\040\000c\000\341\000c\000\040\000c\000\364\000n\000g\000\040\000t\000r\000\354\000n\000h\000\040\000l\000i\000\352\000n\000\040\000q\000u\000a\000n}{chapter.3}% 24
\BOOKMARK [2][-]{subsection.3.1.1}{\376\377\000S\000t\000u\000d\000y\0004}{section.3.1}% 25
\BOOKMARK [2][-]{subsection.3.1.2}{\376\377\000I\000E\000L\000T\000S\000\040\000O\000n\000l\000i\000n\000e\000\040\000T\000e\000s\000t\000s}{section.3.1}% 26
\BOOKMARK [2][-]{subsection.3.1.3}{\376\377\000T\000h\000e\000\040\000F\000o\000r\000u\000m}{section.3.1}% 27
\BOOKMARK [2][-]{subsection.3.1.4}{\376\377\000P\000r\000e\000p\000\040\000E\000d\000u\000c\000a\000t\000i\000o\000n}{section.3.1}% 28
\BOOKMARK [2][-]{subsection.3.1.5}{\376\377\000C\000o\000m\000p\000a\000r\000i\000s\000i\000o\000n}{section.3.1}% 29
\BOOKMARK [1][-]{section.3.2}{\376\377\000P\000h\000\342\000n\000\040\000t\000\355\000c\000h\000\040\000y\000\352\000u\000\040\000c\036\247\000u}{chapter.3}% 30
\BOOKMARK [2][-]{subsection.3.2.1}{\376\377\000C\000\341\000c\000\040\000b\000\352\000n\000\040\000l\000i\000\352\000n\000\040\000q\000u\000a\000n}{section.3.2}% 31
\BOOKMARK [2][-]{subsection.3.2.2}{\376\377\000Y\000\352\000u\000\040\000c\036\247\000u\000\040\000c\000h\036\351\000c\000\040\000n\001\003\000n\000g}{section.3.2}% 32
\BOOKMARK [2][-]{subsection.3.2.3}{\376\377\000Y\000\352\000u\000\040\000c\036\247\000u\000\040\000p\000h\000i\000\040\000c\000h\036\351\000c\000\040\000n\001\003\000n\000g}{section.3.2}% 33
\BOOKMARK [1][-]{section.3.3}{\376\377\000U\000s\000e\000c\000a\000s\000e\000\040\000c\036\347\000a\000\040\000h\036\307\000\040\000t\000h\036\321\000n\000g}{chapter.3}% 34
\BOOKMARK [2][-]{subsection.3.3.1}{\376\377\000T\036\325\000n\000g\000\040\000q\000u\000a\000n}{section.3.3}% 35
\BOOKMARK [2][-]{subsection.3.3.2}{\376\377\000S\001\241\000\040\001\021\036\323\000\040\000t\036\325\000n\000g\000\040\000q\000u\000a\000n\000\040\000c\000\341\000c\000\040\000m\000o\000d\000u\000l\000e\000\040\000u\000s\000e\000\040\000c\000a\000s\000e}{section.3.3}% 36
\BOOKMARK [2][-]{subsection.3.3.3}{\376\377\000C\000\341\000c\000\040\000U\000s\000e\000\040\000c\000a\000s\000e\000\040\000c\000h\000\355\000n\000h}{section.3.3}% 37
\BOOKMARK [1][-]{section.3.4}{\376\377\000B\000i\036\303\000u\000\040\001\021\036\323\000\040\000h\000o\036\241\000t\000\040\001\021\036\331\000n\000g}{chapter.3}% 38
\BOOKMARK [2][-]{subsection.3.4.1}{\376\377\000Q\000u\000y\000\040\000t\000r\000\354\000n\000h\000\040\000l\000\340\000m\000\040\000v\000\340\000\040\000c\000h\036\245\000m\000\040\001\021\000i\036\303\000m\000\040\000b\000\340\000i\000\040\000t\000h\000i}{section.3.4}% 39
\BOOKMARK [2][-]{subsection.3.4.2}{\376\377\000Q\000u\000y\000\040\000t\000r\000\354\000n\000h\000\040\000t\036\241\000o\000\040\000v\000\340\000\040\000q\000u\036\243\000n\000\040\000l\000\375\000\040\001\021\036\301\000\040\000t\000h\000i}{section.3.4}% 40
\BOOKMARK [2][-]{subsection.3.4.3}{\376\377\000Q\000u\000y\000\040\000t\000r\000\354\000n\000h\000\040\000l\000u\000y\036\307\000n\000\040\000n\000\363\000i\000\040\000A\000I}{section.3.4}% 41
\BOOKMARK [2][-]{subsection.3.4.4}{\376\377\000Q\000u\000y\000\040\000t\000r\000\354\000n\000h\000\040\000h\036\315\000c\000\040\000t\036\255\000p\000\040\000b\000l\000e\000n\000d\000e\000d\000\040\000l\000e\000a\000r\000n\000i\000n\000g}{section.3.4}% 42
\BOOKMARK [2][-]{subsection.3.4.5}{\376\377\000Q\000u\000y\000\040\000t\000r\000\354\000n\000h\000\040\000t\000h\000a\000n\000h\000\040\000t\000o\000\341\000n}{section.3.4}% 43
\BOOKMARK [2][-]{subsection.3.4.6}{\376\377\000Q\000u\000y\000\040\000t\000r\000\354\000n\000h\000\040\000h\036\307\000\040\000t\000h\036\321\000n\000g\000\040\000h\000u\000y\000\040\000h\000i\036\307\000u}{section.3.4}% 44
\BOOKMARK [2][-]{subsection.3.4.7}{\376\377\000Q\000u\000y\000\040\000t\000r\000\354\000n\000h\000\040\000t\000h\000\364\000n\000g\000\040\000b\000\341\000o}{section.3.4}% 45
\BOOKMARK [1][-]{section.3.5}{\376\377\000B\000i\036\303\000u\000\040\001\021\036\323\000\040\000t\000u\036\247\000n\000\040\000t\036\361}{chapter.3}% 46
\BOOKMARK [2][-]{subsection.3.5.1}{\376\377\000L\000\340\000m\000\040\000v\000\340\000\040\000c\000h\036\245\000m\000\040\001\021\000i\036\303\000m\000\040\000b\000\340\000i\000\040\000t\000h\000i}{section.3.5}% 47
\BOOKMARK [2][-]{subsection.3.5.2}{\376\377\000T\036\241\000o\000\040\000v\000\340\000\040\000q\000u\036\243\000n\000\040\000l\000\375\000\040\001\021\036\301\000\040\000t\000h\000i}{section.3.5}% 48
\BOOKMARK [2][-]{subsection.3.5.3}{\376\377\000L\000u\000y\036\307\000n\000\040\000n\000\363\000i\000\040\000A\000I}{section.3.5}% 49
\BOOKMARK [2][-]{subsection.3.5.4}{\376\377\000Q\000u\000\341\000\040\000t\000r\000\354\000n\000h\000\040\000h\036\315\000c\000\040\000t\036\255\000p}{section.3.5}% 50
\BOOKMARK [2][-]{subsection.3.5.5}{\376\377\000T\000h\000a\000n\000h\000\040\000t\000o\000\341\000n}{section.3.5}% 51
\BOOKMARK [2][-]{subsection.3.5.6}{\376\377\000H\036\307\000\040\000t\000h\036\321\000n\000g\000\040\000h\000u\000y\000\040\000h\000i\036\307\000u}{section.3.5}% 52
\BOOKMARK [2][-]{subsection.3.5.7}{\376\377\000T\000h\000\364\000n\000g\000\040\000b\000\341\000o}{section.3.5}% 53
\BOOKMARK [1][-]{section.3.6}{\376\377\000T\000h\000i\036\277\000t\000\040\000k\036\277\000\040\000k\000i\036\277\000n\000\040\000t\000r\000\372\000c}{chapter.3}% 54
\BOOKMARK [2][-]{subsection.3.6.1}{\376\377\001\020\036\267\000c\000\040\000t\000r\001\260\000n\000g\000\040\000k\000i\036\277\000n\000\040\000t\000r\000\372\000c}{section.3.6}% 55
\BOOKMARK [2][-]{subsection.3.6.2}{\376\377\000S\000o\000\040\000s\000\341\000n\000h\000\040\000c\000\341\000c\000\040\000k\000i\036\277\000n\000\040\000t\000r\000\372\000c}{section.3.6}% 56
\BOOKMARK [2][-]{subsection.3.6.3}{\376\377\000K\000i\036\277\000n\000\040\000t\000r\000\372\000c\000\040\000L\000a\000y\000e\000r\000e\000d}{section.3.6}% 57
\BOOKMARK [2][-]{subsection.3.6.4}{\376\377\000T\036\325\000n\000g\000\040\000q\000u\000a\000n\000\040\000k\000i\036\277\000n\000\040\000t\000r\000\372\000c}{section.3.6}% 58
\BOOKMARK [1][-]{section.3.7}{\376\377\000T\000h\000i\036\277\000t\000\040\000k\036\277\000\040\000c\001\241\000\040\000s\036\337\000\040\000d\036\357\000\040\000l\000i\036\307\000u}{chapter.3}% 59
\BOOKMARK [2][-]{subsection.3.7.1}{\376\377\000A\000u\000t\000h\000\040\000S\000e\000r\000v\000i\000c\000e}{section.3.7}% 60
\BOOKMARK [2][-]{subsection.3.7.2}{\376\377\000E\000x\000a\000m\000\040\000S\000e\000r\000v\000i\000c\000e}{section.3.7}% 61
\BOOKMARK [2][-]{subsection.3.7.3}{\376\377\000A\000c\000h\000i\000e\000v\000e\000m\000e\000n\000t\000\040\000S\000e\000r\000v\000i\000c\000e}{section.3.7}% 62
\BOOKMARK [2][-]{subsection.3.7.4}{\376\377\000F\000i\000l\000e\000\040\000S\000e\000r\000v\000i\000c\000e}{section.3.7}% 63
\BOOKMARK [2][-]{subsection.3.7.5}{\376\377\000L\000i\000v\000e\000\040\000C\000h\000a\000t\000\040\000S\000e\000r\000v\000i\000c\000e\000\040\000\050\000c\000h\001\260\000a\000\040\000m\000e\000r\000g\000e\000\051}{section.3.7}% 64
\BOOKMARK [2][-]{subsection.3.7.6}{\376\377\000R\000e\000s\000o\000u\000r\000c\000e\000\040\000S\000e\000r\000v\000i\000c\000e\000\040\000\050\000c\000h\001\260\000a\000\040\000m\000e\000r\000g\000e\000\051}{section.3.7}% 65
\BOOKMARK [2][-]{subsection.3.7.7}{\376\377\000E\000n\000g\000a\000p\000p\000-\000v\0002\000\040\000\050\000M\000o\000n\000o\000l\000i\000t\000h\000\040\000P\000o\000s\000t\000g\000r\000e\000S\000Q\000L\000\051}{section.3.7}% 66
\BOOKMARK [2][-]{subsection.3.7.8}{\376\377\000G\000i\036\243\000i\000\040\000p\000h\000\341\000p\000\040\000c\000h\000o\000\040\000d\036\357\000\040\000l\000i\036\307\000u\000\040\000p\000h\000\342\000n\000\040\000c\036\245\000p}{section.3.7}% 67
\BOOKMARK [0][-]{chapter.4}{\376\377\000T\000\355\000n\000h\000\040\000n\001\003\000n\000g\000\040\000A\000I\000\040\000c\036\347\000a\000\040\000h\036\307\000\040\000t\000h\036\321\000n\000g}{}% 68
\BOOKMARK [1][-]{section.4.1}{\376\377\000T\000\355\000n\000h\000\040\000n\001\003\000n\000g\000\040\000A\000I\000\040\000c\000h\000o\000\040\000S\000p\000e\000a\000k\000i\000n\000g\000\040\000-\000\040\000G\000i\036\333\000i\000\040\000t\000h\000i\036\307\000u\000\040\000L\000i\000n\000g\000r\000i\000s\000e\000r\000S\000p\000e\000a\000k\000i\000n\000g}{chapter.4}% 69
\BOOKMARK [2][-]{subsection.4.1.1}{\376\377\000C\036\245\000u\000\040\000t\000r\000\372\000c\000\040\000h\036\315\000c\000\040\000t\036\255\000p\000\040\000v\000\340\000\040\000c\000\341\000c\000\040\000v\000a\000i\000\040\000t\000r\000\362\000\040\000n\000g\001\260\036\335\000i\000\040\000d\000\371\000n\000g}{section.4.1}% 70
\BOOKMARK [2][-]{subsection.4.1.2}{\376\377\000M\000\364\000\040\000h\000\354\000n\000h\000\040\000h\036\315\000c\000\040\000t\036\255\000p\000\040\000k\036\277\000t\000\040\000h\036\343\000p\000\040\000A\000I\000\040\000v\000\340\000\040\000c\000o\000n\000\040\000n\000g\001\260\036\335\000i}{section.4.1}% 71
\BOOKMARK [2][-]{subsection.4.1.3}{\376\377\000C\000\341\000c\000\040\000t\000h\000\340\000n\000h\000\040\000p\000h\036\247\000n\000\040\000A\000I\000\040\000c\036\321\000t\000\040\000l\000\365\000i\000\040\000t\000r\000o\000n\000g\000\040\000L\000i\000n\000g\000r\000i\000s\000e\000r}{section.4.1}% 72
\BOOKMARK [2][-]{subsection.4.1.4}{\376\377\000L\000u\036\323\000n\000g\000\040\000l\000u\000y\036\307\000n\000\040\000S\000p\000e\000a\000k\000i\000n\000g\000\040\000t\000r\000\352\000n\000\040\000n\036\301\000n\000\040\000t\036\243\000n\000g}{section.4.1}% 73
\BOOKMARK [2][-]{subsection.4.1.5}{\376\377\000G\000i\000a\000o\000\040\000d\000i\036\307\000n\000\040\000n\000g\001\260\036\335\000i\000\040\000d\000\371\000n\000g\000\040\000t\000h\000e\000o\000\040\000t\036\353\000n\000g\000\040\000v\000a\000i\000\040\000t\000r\000\362}{section.4.1}% 74
\BOOKMARK [2][-]{subsection.4.1.6}{\376\377\000T\000h\000i\036\277\000t\000\040\000k\036\277\000\040\000c\001\241\000\040\000s\036\337\000\040\000d\036\357\000\040\000l\000i\036\307\000u}{section.4.1}% 75
\BOOKMARK [2][-]{subsection.4.1.7}{\376\377\000P\000i\000p\000e\000l\000i\000n\000e\000\040\000d\036\357\000\040\000l\000i\036\307\000u\000\040\000W\000e\000e\000k\000l\000y\000F\000o\000c\000u\000s\000\040\041\222\000\040\000A\000I\000\040\000P\000r\000a\000c\000t\000i\000c\000e\000\040\041\222\000\040\000M\000e\000n\000t\000o\000r\000\040\000B\000r\000i\000e\000f}{section.4.1}% 76
\BOOKMARK [2][-]{subsection.4.1.8}{\376\377\000C\001\241\000\040\000c\000h\036\277\000\040\000t\000h\000e\000o\000\040\000d\000\365\000i\000\040\000t\000i\036\277\000n\000\040\001\021\036\331\000\040\000h\036\315\000c\000\040\000t\036\255\000p\000\040\000d\000\340\000n\000h\000\040\000c\000h\000o\000\040\000p\000h\036\345\000\040\000h\000u\000y\000n\000h}{section.4.1}% 77
\BOOKMARK [2][-]{subsection.4.1.9}{\376\377\000G\000i\000\341\000\040\000t\000r\036\313\000\040\000c\036\347\000a\000\040\000L\000i\000n\000g\000r\000i\000s\000e\000r\000\040\001\021\036\321\000i\000\040\000v\036\333\000i\000\040\000b\000\340\000i\000\040\000t\000o\000\341\000n\000\040\000S\000p\000e\000a\000k\000i\000n\000g}{section.4.1}% 78
\BOOKMARK [1][-]{section.4.2}{\376\377\000T\000\355\000n\000h\000\040\000n\001\003\000n\000g\000\040\000A\000I\000\040\000c\000h\000o\000\040\000W\000r\000i\000t\000i\000n\000g}{chapter.4}% 79
\BOOKMARK [2][-]{subsection.4.2.1}{\376\377\000M\036\345\000c\000\040\000t\000i\000\352\000u\000\040\000c\036\347\000a\000\040\000m\000\364\000-\001\021\000u\000n\000\040\000W\000r\000i\000t\000i\000n\000g}{section.4.2}% 80
\BOOKMARK [2][-]{subsection.4.2.2}{\376\377\000B\000\340\000i\000\040\000t\000o\000\341\000n\000\040\000v\000\340\000\040\001\021\036\313\000n\000h\000\040\000h\001\260\036\333\000n\000g\000\040\000m\000\364\000\040\000h\000\354\000n\000h}{section.4.2}% 81
\BOOKMARK [2][-]{subsection.4.2.3}{\376\377\000T\000h\000u\000\040\000t\000h\036\255\000p\000\040\000v\000\340\000\040\000x\000\342\000y\000\040\000d\036\361\000n\000g\000\040\000d\036\357\000\040\000l\000i\036\307\000u\000\040\000h\000u\036\245\000n\000\040\000l\000u\000y\036\307\000n}{section.4.2}% 82
\BOOKMARK [2][-]{subsection.4.2.4}{\376\377\000H\000u\036\245\000n\000\040\000l\000u\000y\036\307\000n\000\040\000m\000\364\000\040\000h\000\354\000n\000h\000\040\000P\000h\000i\000-\0003\000\040\000c\000h\000o\000\040\000b\000\340\000i\000\040\000t\000o\000\341\000n\000\040\000W\000r\000i\000t\000i\000n\000g}{section.4.2}% 83
\BOOKMARK [2][-]{subsection.4.2.5}{\376\377\000T\000r\000i\036\303\000n\000\040\000k\000h\000a\000i\000\040\000m\000\364\000\040\000h\000\354\000n\000h\000\040\000s\000a\000u\000\040\000h\000u\036\245\000n\000\040\000l\000u\000y\036\307\000n}{section.4.2}% 84
\BOOKMARK [2][-]{subsection.4.2.6}{\376\377\001\020\000\341\000n\000h\000\040\000g\000i\000\341\000\040\000v\000\340\000\040\000\375\000\040\000n\000g\000h\001\051\000a\000\040\000c\036\347\000a\000\040\000m\000\364\000-\001\021\000u\000n\000\040\000W\000r\000i\000t\000i\000n\000g}{section.4.2}% 85
\BOOKMARK [1][-]{section.4.3}{\376\377\000K\036\277\000t\000\040\000l\000u\036\255\000n\000\040\000c\000h\001\260\001\241\000n\000g}{chapter.4}% 86
\BOOKMARK [0][-]{chapter.5}{\376\377\000T\000h\000i\036\277\000t\000\040\000k\036\277\000\040\000g\000i\000a\000o\000\040\000d\000i\036\307\000n\000\040\000h\036\307\000\040\000t\000h\036\321\000n\000g}{}% 87
\BOOKMARK [1][-]{section.5.1}{\376\377\000W\000i\000r\000e\000f\000r\000a\000m\000e\000\040\000D\000e\000s\000i\000g\000n}{chapter.5}% 88
\BOOKMARK [2][-]{subsection.5.1.1}{\376\377\000H\000o\000m\000e\000p\000a\000g\000e}{section.5.1}% 89
\BOOKMARK [2][-]{subsection.5.1.2}{\376\377\000A\000u\000t\000h\000e\000n\000t\000i\000c\000a\000t\000i\000o\000n\000\040\000P\000a\000g\000e}{section.5.1}% 90
\BOOKMARK [2][-]{subsection.5.1.3}{\376\377\000D\000a\000s\000h\000b\000o\000a\000r\000d}{section.5.1}% 91
\BOOKMARK [2][-]{subsection.5.1.4}{\376\377\000E\000x\000a\000m}{section.5.1}% 92
\BOOKMARK [2][-]{subsection.5.1.5}{\376\377\000S\000p\000e\000a\000k\000i\000n\000g\000\040\000T\000e\000s\000t}{section.5.1}% 93
\BOOKMARK [2][-]{subsection.5.1.6}{\376\377\000W\000r\000i\000t\000i\000n\000g\000\040\000T\000e\000s\000t}{section.5.1}% 94
\BOOKMARK [2][-]{subsection.5.1.7}{\376\377\000F\000l\000a\000s\000h\000c\000a\000r\000d}{section.5.1}% 95
\BOOKMARK [2][-]{subsection.5.1.8}{\376\377\000P\000r\000o\000f\000i\000l\000e}{section.5.1}% 96
\BOOKMARK [2][-]{subsection.5.1.9}{\376\377\000B\000l\000o\000g}{section.5.1}% 97
\BOOKMARK [2][-]{subsection.5.1.10}{\376\377\000A\000d\000m\000i\000n\000\040\000D\000a\000s\000h\000b\000o\000a\000r\000d}{section.5.1}% 98
\BOOKMARK [1][-]{section.5.2}{\376\377\000K\036\277\000t\000\040\000l\000u\036\255\000n\000\040\000c\000h\001\260\001\241\000n\000g}{chapter.5}% 99
\BOOKMARK [0][-]{chapter.6}{\376\377\000T\000r\000i\036\303\000n\000\040\000k\000h\000a\000i}{}% 100
\BOOKMARK [1][-]{section.6.1}{\376\377\000M\000\364\000i\000\040\000t\000r\001\260\036\335\000n\000g\000\040\000t\000r\000i\036\303\000n\000\040\000k\000h\000a\000i}{chapter.6}% 101
\BOOKMARK [2][-]{subsection.6.1.1}{\376\377\000P\000h\000\342\000n\000\040\000c\000h\000i\000a\000\040\000m\000\364\000i\000\040\000t\000r\001\260\036\335\000n\000g}{section.6.1}% 102
\BOOKMARK [2][-]{subsection.6.1.2}{\376\377\000T\000\355\000c\000h\000\040\000h\036\343\000p\000\040\000v\000\340\000\040\000p\000h\000\342\000n\000\040\000p\000h\036\321\000i\000\040\000l\000i\000\352\000n\000\040\000t\036\345\000c\000\040\000\050\000C\000I\000/\000C\000D\000\051}{section.6.1}% 103
\BOOKMARK [2][-]{subsection.6.1.3}{\376\377\000H\036\307\000\040\000t\000h\036\321\000n\000g\000\040\000g\000h\000i\000\040\000l\000o\000g\000\040\000v\000\340\000\040\000g\000i\000\341\000m\000\040\000s\000\341\000t}{section.6.1}% 104
\BOOKMARK [1][-]{section.6.2}{\376\377\000K\000i\036\277\000n\000\040\000t\000r\000\372\000c\000\040\000t\000r\000i\036\303\000n\000\040\000k\000h\000a\000i}{chapter.6}% 105
\BOOKMARK [2][-]{subsection.6.2.1}{\376\377\000B\000a\000c\000k\000e\000n\000d}{section.6.2}% 106
\BOOKMARK [2][-]{subsection.6.2.2}{\376\377\000R\000e\000s\000t\000a\000t\000e\000\040\040\024\000\040\000B\036\243\000o\000\040\001\021\036\243\000m\000\040\000t\000\355\000n\000h\000\040\036\325\000n\000\040\001\021\036\313\000n\000h\000\040\000c\036\347\000a\000\040\000w\000o\000r\000k\000f\000l\000o\000w}{section.6.2}% 107
\BOOKMARK [1][-]{section.6.3}{\376\377\000Q\000u\000y\000\040\000t\000r\000\354\000n\000h\000\040\000t\000r\000i\036\303\000n\000\040\000k\000h\000a\000i\000\040\000v\000\340\000\040\000v\036\255\000n\000\040\000h\000\340\000n\000h}{chapter.6}% 108
\BOOKMARK [2][-]{subsection.6.3.1}{\376\377\000M\000\364\000i\000\040\000t\000r\001\260\036\335\000n\000g\000\040\000p\000h\000\341\000t\000\040\000t\000r\000i\036\303\000n}{section.6.3}% 109
\BOOKMARK [2][-]{subsection.6.3.2}{\376\377\000Q\000u\000y\000\040\000t\000r\000\354\000n\000h\000\040\000b\000u\000i\000l\000d\000\040\000v\000\340\000\040\000t\000r\000i\036\303\000n\000\040\000k\000h\000a\000i}{section.6.3}% 110
\BOOKMARK [2][-]{subsection.6.3.3}{\376\377\000Q\000u\036\243\000n\000\040\000l\000\375\000\040\000c\001\241\000\040\000s\036\337\000\040\000d\036\357\000\040\000l\000i\036\307\000u}{section.6.3}% 111
\BOOKMARK [2][-]{subsection.6.3.4}{\376\377\000C\036\255\000p\000\040\000n\000h\036\255\000t\000\040\000p\000h\000i\000\352\000n\000\040\000b\036\243\000n}{section.6.3}% 112
\BOOKMARK [1][-]{section.6.4}{\376\377\000K\036\277\000t\000\040\000l\000u\036\255\000n\000\040\000c\000h\001\260\001\241\000n\000g}{chapter.6}% 113
\BOOKMARK [0][-]{chapter.7}{\376\377\001\020\000\341\000n\000h\000\040\000g\000i\000\341\000\040\000h\036\307\000\040\000t\000h\036\321\000n\000g}{}% 114
\BOOKMARK [1][-]{section.7.1}{\376\377\000M\036\345\000c\000\040\000t\000i\000\352\000u\000\040\001\021\000\341\000n\000h\000\040\000g\000i\000\341}{chapter.7}% 115
\BOOKMARK [1][-]{section.7.2}{\376\377\000T\000i\000\352\000u\000\040\000c\000h\000\355\000\040\000v\000\340\000\040\000p\000h\001\260\001\241\000n\000g\000\040\000p\000h\000\341\000p\000\040\001\021\000\341\000n\000h\000\040\000g\000i\000\341}{chapter.7}% 116
\BOOKMARK [2][-]{subsection.7.2.1}{\376\377\000K\000i\036\303\000m\000\040\000t\000h\036\355\000\040\000y\000\352\000u\000\040\000c\036\247\000u\000\040\000c\000h\036\351\000c\000\040\000n\001\003\000n\000g\000\040\040\024\000\040\000K\000i\036\303\000m\000\040\000t\000h\036\355\000\040\000E\000n\000d\000-\000t\000o\000-\000E\000n\000d}{section.7.2}% 117
\BOOKMARK [2][-]{subsection.7.2.2}{\376\377\000K\000i\036\303\000m\000\040\000t\000h\036\355\000\040\000y\000\352\000u\000\040\000c\036\247\000u\000\040\000p\000h\000i\000\040\000c\000h\036\351\000c\000\040\000n\001\003\000n\000g}{section.7.2}% 118
\BOOKMARK [1][-]{section.7.3}{\376\377\000K\036\277\000t\000\040\000q\000u\036\243\000\040\001\021\000\341\000n\000h\000\040\000g\000i\000\341}{chapter.7}% 119
\BOOKMARK [2][-]{subsection.7.3.1}{\376\377\000K\036\277\000t\000\040\000q\000u\036\243\000\040\000k\000i\036\303\000m\000\040\000t\000h\036\355\000\040\000E\0002\000E}{section.7.3}% 120
\BOOKMARK [2][-]{subsection.7.3.2}{\376\377\000K\036\277\000t\000\040\000q\000u\036\243\000\040\000k\000i\036\303\000m\000\040\000t\000h\036\355\000\040\000h\000i\036\307\000u\000\040\000n\001\003\000n\000g\000\040\000v\036\333\000i\000\040\000k\0006}{section.7.3}% 121
\BOOKMARK [1][-]{section.7.4}{\376\377\000K\036\277\000t\000\040\000l\000u\036\255\000n\000\040\000c\000h\001\260\001\241\000n\000g}{chapter.7}% 122
\BOOKMARK [0][-]{chapter.8}{\376\377\001\020\000\341\000n\000h\000\040\000g\000i\000\341\000\040\000c\000\364\000n\000g\000\040\000v\000i\036\307\000c\000\040\000v\000\340\000\040\001\021\036\313\000n\000h\000\040\000h\001\260\036\333\000n\000g\000\040\000p\000h\000\341\000t\000\040\000t\000r\000i\036\303\000n}{}% 123
\BOOKMARK [1][-]{section.8.1}{\376\377\001\020\000\341\000n\000h\000\040\000g\000i\000\341\000\040\000k\036\277\000t\000\040\000q\000u\036\243\000\040\000t\000h\036\361\000c\000\040\000h\000i\036\307\000n}{chapter.8}% 124
\BOOKMARK [1][-]{section.8.2}{\376\377\000C\000\341\000c\000\040\000k\036\277\000t\000\040\000q\000u\036\243\000\040\000n\036\325\000i\000\040\000b\036\255\000t}{chapter.8}% 125
\BOOKMARK [2][-]{subsection.8.2.1}{\376\377\000N\036\301\000n\000\040\000t\036\243\000n\000g\000\040\036\351\000n\000g\000\040\000d\036\345\000n\000g\000\040\000w\000e\000b}{section.8.2}% 126
\BOOKMARK [2][-]{subsection.8.2.2}{\376\377\000M\000\364\000-\001\021\000u\000n\000\040\000S\000p\000e\000a\000k\000i\000n\000g}{section.8.2}% 127
\BOOKMARK [2][-]{subsection.8.2.3}{\376\377\000M\000\364\000-\001\021\000u\000n\000\040\000W\000r\000i\000t\000i\000n\000g}{section.8.2}% 128
\BOOKMARK [1][-]{section.8.3}{\376\377\000L\036\343\000i\000\040\000\355\000c\000h\000\040\000t\000h\036\361\000c\000\040\000t\036\277\000\040\000c\036\347\000a\000\040\000h\036\307\000\040\000t\000h\036\321\000n\000g}{chapter.8}% 129
\BOOKMARK [1][-]{section.8.4}{\376\377\000N\000h\036\357\000n\000g\000\040\000h\036\241\000n\000\040\000c\000h\036\277\000\040\000h\000i\036\307\000n\000\040\000t\036\241\000i}{chapter.8}% 130
\BOOKMARK [1][-]{section.8.5}{\376\377\001\020\036\313\000n\000h\000\040\000h\001\260\036\333\000n\000g\000\040\000p\000h\000\341\000t\000\040\000t\000r\000i\036\303\000n}{chapter.8}% 131
\BOOKMARK [2][-]{subsection.8.5.1}{\376\377\000H\000o\000\340\000n\000\040\000t\000h\000i\036\307\000n\000\040\000t\000\355\000c\000h\000\040\000h\036\343\000p\000\040\000h\036\307\000\040\000t\000h\036\321\000n\000g}{section.8.5}% 132
\BOOKMARK [2][-]{subsection.8.5.2}{\376\377\000T\036\321\000i\000\040\001\260\000u\000\040\000h\000i\036\307\000u\000\040\000n\001\003\000n\000g\000\040\000v\000\340\000\040\000k\000h\036\243\000\040\000n\001\003\000n\000g\000\040\000m\036\337\000\040\000r\036\331\000n\000g}{section.8.5}% 133
\BOOKMARK [2][-]{subsection.8.5.3}{\376\377\000N\000\342\000n\000g\000\040\000c\000a\000o\000\040\000c\000h\036\245\000t\000\040\000l\001\260\036\343\000n\000g\000\040\000c\000\341\000c\000\040\000m\000\364\000-\001\021\000u\000n\000\040\000A\000I}{section.8.5}% 134
\BOOKMARK [2][-]{subsection.8.5.4}{\376\377\000B\036\325\000\040\000s\000u\000n\000g\000\040\000y\036\277\000u\000\040\000t\036\321\000\040\000c\000o\000n\000\040\000n\000g\001\260\036\335\000i\000\040\000t\000r\000o\000n\000g\000\040\000v\000\362\000n\000g\000\040\000l\036\267\000p\000\040\000h\036\315\000c\000\040\000t\036\255\000p}{section.8.5}% 135
\BOOKMARK [2][-]{subsection.8.5.5}{\376\377\000M\036\337\000\040\000r\036\331\000n\000g\000\040\000p\000h\036\241\000m\000\040\000v\000i\000\040\036\351\000n\000g\000\040\000d\036\345\000n\000g}{section.8.5}% 136
\BOOKMARK [1][-]{section.8.6}{\376\377\000K\036\277\000t\000\040\000l\000u\036\255\000n\000\040\000c\000h\001\260\001\241\000n\000g}{chapter.8}% 137
\BOOKMARK [0][-]{chapter.9}{\376\377\000K\036\277\000t\000\040\000l\000u\036\255\000n}{}% 138
\BOOKMARK [0][-]{chapter*.45}{\376\377\000T\000\340\000i\000\040\000l\000i\036\307\000u\000\040\000t\000h\000a\000m\000\040\000k\000h\036\243\000o}{}% 139
\BOOKMARK [0][-]{chapter*.47}{\376\377\000P\000h\036\345\000\040\000l\036\345\000c}{}% 140
\BOOKMARK [1][-]{section*.48}{\376\377\000P\000h\000\342\000n\000\040\000c\000\364\000n\000g\000\040\001\021\000\363\000n\000g\000\040\000g\000\363\000p\000\040\000c\036\347\000a\000\040\000n\000h\000\363\000m}{chapter*.47}% 141
\BOOKMARK [2][-]{section*.49}{\376\377\000T\000\363\000m\000\040\000t\036\257\000t\000\040\000p\000h\036\321\000i\000\040\000h\036\343\000p\000\040\000n\000h\000\363\000m}{section*.48}% 142
\BOOKMARK [1][-]{section*.50}{\376\377\000D\000a\000n\000h\000\040\000s\000\341\000c\000h\000\040\000u\000s\000e\000\040\000c\000a\000s\000e}{chapter*.47}% 143
\BOOKMARK [1][-]{section*.51}{\376\377\000D\000a\000n\000h\000\040\000s\000\341\000c\000h\000\040\000t\000e\000s\000t\000\040\000c\000a\000s\000e\000\040\000E\0002\000E}{chapter*.47}% 144
