This is pdfTeX, Version 3.141592653-2.6-1.40.29 (TeX Live 2026/Arch Linux) (preloaded format=pdflatex 2026.4.30)  10 MAY 2026 13:54
entering extended mode
 restricted \write18 enabled.
 %&-line parsing enabled.
**thesis.tex
(./thesis.tex
LaTeX2e <2025-11-01>
L3 programming layer <2026-01-19>
(./hcmut-thesis.cls
Document Class: hcmut-thesis 2024/05/20 HCMUT Thesis Class Redesigned
(/usr/share/texmf-dist/tex/latex/memoir/memoir.cls
Document Class: memoir 2025/11/04 v3.8.4b configurable book, report, article do
cument class
(/usr/share/texmf-dist/tex/latex/xpatch/xpatch.sty
(/usr/share/texmf-dist/tex/latex/l3kernel/expl3.sty
Package: expl3 2026-01-19 L3 programming layer (loader) 

(/usr/share/texmf-dist/tex/latex/l3backend/l3backend-pdftex.def
File: l3backend-pdftex.def 2025-10-09 L3 backend support: PDF output (pdfTeX)
\l__color_backend_stack_int=\count275
))
Package: xpatch 2020/03/25 v0.3a Extending etoolbox patching commands

(/usr/share/texmf-dist/tex/latex/l3packages/xparse/xparse.sty
Package: xparse 2025-10-09 L3 Experimental document command parser
)
(/usr/share/texmf-dist/tex/latex/etoolbox/etoolbox.sty
Package: etoolbox 2025/10/02 v2.5m e-TeX tools for LaTeX (JAW)
\etb@tempcnta=\count276
))
\onelineskip=\skip49
\lxvchars=\skip50
\xlvchars=\skip51
\@memcnta=\count277
\c@@memmarkcntra=\count278

(/usr/share/texmf-dist/tex/generic/iftex/iftex.sty
Package: iftex 2024/12/12 v1.0g TeX engine tests
)
\trimtop=\skip52
\trimedge=\skip53

(/usr/share/texmf-dist/tex/latex/memoir/mem12.clo
File: mem12.clo 2022/07/29 v0.5 memoir class 12pt size option
)
\binding=\skip54
\spinemargin=\skip55
\foremargin=\skip56
\uppermargin=\skip57
\lowermargin=\skip58
\headdrop=\skip59
\normalrulethickness=\skip60
\mem@maxheadheight=\skip61
\mem@maxfootheight=\skip62
\headwidth=\skip63
\c@storedpagenumber=\count279
\memPD=\dimen148
\m@mabparskip=\skip64
\thanksmarkwidth=\skip65
\thanksmarksep=\skip66
\droptitle=\skip67
\c@book=\count280
\c@part=\count281
\c@chapter=\count282
\c@section=\count283
\c@subsection=\count284
\c@subsubsection=\count285
\c@paragraph=\count286
\c@subparagraph=\count287
\beforechapskip=\skip68
\midchapskip=\skip69
\afterchapskip=\skip70
\chapindent=\skip71
\bottomsectionskip=\skip72
\secindent=\skip73
\beforesecskip=\skip74
\aftersecskip=\skip75
\subsecindent=\skip76
\beforesubsecskip=\skip77
\aftersubsecskip=\skip78
\subsubsecindent=\skip79
\beforesubsubsecskip=\skip80
\aftersubsubsecskip=\skip81
\paraindent=\skip82
\beforeparaskip=\skip83
\afterparaskip=\skip84
\subparaindent=\skip85
\beforesubparaskip=\skip86
\aftersubparaskip=\skip87
\pfbreakskip=\skip88
\c@@ppsavesec=\count288
\c@@ppsaveapp=\count289
\ragrparindent=\dimen149
\everylistparindent=\dimen150
\parsepi=\skip89
\topsepi=\skip90
\itemsepi=\skip91
\parsepii=\skip92
\topsepii=\skip93
\topsepiii=\skip94
\itemsepii=\skip95
\itemsepiii=\skip96
\partopsepii=\skip97
\partopsepiii=\skip98
\m@msavetopsep=\skip99
\m@msavepartopsep=\skip100
\@enLab=\toks17
\abstitleskip=\skip101
\absleftindent=\skip102
\abs@leftindent=\dimen151
\absrightindent=\skip103
\absparindent=\skip104
\absparsep=\skip105
\c@vslineno=\count290
\c@poemline=\count291
\c@modulo@vs=\count292
\c@memfvsline=\count293
\vleftskip=\skip106
\vrightskip=\skip107
\stanzaskip=\skip108
\versewidth=\skip109
\vgap=\skip110
\vindent=\skip111
\vleftmargin=\dimen152
\c@verse=\count294
\c@chrsinstr=\count295
\beforepoemtitleskip=\skip112
\afterpoemtitleskip=\skip113
\c@poem=\count296
\beforePoemTitleskip=\skip114
\midPoemTitleskip=\skip115
\afterPoemTitleskip=\skip116

(/usr/share/texmf-dist/tex/latex/tools/array.sty
Package: array 2025/09/25 v2.6n Tabular extension package (FMi)
\col@sep=\dimen153
\ar@mcellbox=\box53
\extrarowheight=\dimen154
\NC@list=\toks18
\extratabsurround=\skip117
\backup@length=\skip118
\ar@cellbox=\box54
)
(/usr/share/texmf-dist/tex/latex/tools/dcolumn.sty
Package: dcolumn 2025/10/21 v1.06 decimal alignment package (DPC)
)
(/usr/share/texmf-dist/tex/latex/tools/delarray.sty
Package: delarray 2014/10/28 v1.01 array delimiter package (DPC)
)
(/usr/share/texmf-dist/tex/latex/tools/tabularx.sty
Package: tabularx 2023/12/11 v2.12a `tabularx' package (DPC)
\TX@col@width=\dimen155
\TX@old@table=\dimen156
\TX@old@col=\dimen157
\TX@target=\dimen158
\TX@delta=\dimen159
\TX@cols=\count297
\TX@ftn=\toks19
)
(/usr/share/texmf-dist/tex/latex/booktabs/booktabs.sty
Package: booktabs 2020/01/12 v1.61803398 Publication quality tables
\heavyrulewidth=\dimen160
\lightrulewidth=\dimen161
\cmidrulewidth=\dimen162
\belowrulesep=\dimen163
\belowbottomsep=\dimen164
\aboverulesep=\dimen165
\abovetopsep=\dimen166
\cmidrulesep=\dimen167
\cmidrulekern=\dimen168
\defaultaddspace=\dimen169
\@cmidla=\count298
\@cmidlb=\count299
\@aboverulesep=\dimen170
\@belowrulesep=\dimen171
\@thisruleclass=\count300
\@lastruleclass=\count301
\@thisrulewidth=\dimen172
)
\ctableftskip=\skip119
\ctabrightskip=\skip120
\abovecolumnspenalty=\count302
\@linestogo=\count303
\@cellstogo=\count304
\@cellsincolumn=\count305
\crtok=\toks20
\@mincolumnwidth=\dimen173
\c@newflo@tctr=\count306
\mem@margin@floatbox=\box55
\@contcwidth=\skip121
\@contindw=\skip122
\abovecaptionskip=\skip123
\belowcaptionskip=\skip124
\subfloattopskip=\skip125
\subfloatcapskip=\skip126
\subfloatcaptopadj=\skip127
\subfloatbottomskip=\skip128
\subfloatlabelskip=\skip129
\subfloatcapmargin=\dimen174
\c@@contsubnum=\count307
\m@mscap@capbox=\box56
\m@mscap@fbox=\box57
\sidecapsep=\dimen175
\sidecapwidth=\dimen176
\m@m@tempdima=\dimen177
\m@mscapraise=\dimen178
\sidecapraise=\dimen179
\m@mscapmainwidth=\dimen180
\m@mscaplkern=\dimen181
\beforeepigraphskip=\skip130
\afterepigraphskip=\skip131
\epigraphwidth=\skip132
\epigraphrule=\skip133

(/usr/share/texmf-dist/tex/latex/hyperref/nameref.sty
Package: nameref 2026-01-29 v2.58 Cross-referencing by name of section

(/usr/share/texmf-dist/tex/latex/refcount/refcount.sty
Package: refcount 2019/12/15 v3.6 Data extraction from label references (HO)

(/usr/share/texmf-dist/tex/generic/ltxcmds/ltxcmds.sty
Package: ltxcmds 2023-12-04 v1.26 LaTeX kernel commands for general use (HO)
)
(/usr/share/texmf-dist/tex/generic/infwarerr/infwarerr.sty
Package: infwarerr 2019/12/03 v1.5 Providing info/warning/error messages (HO)
))
(/usr/share/texmf-dist/tex/generic/gettitlestring/gettitlestring.sty
Package: gettitlestring 2019/12/15 v1.6 Cleanup title references (HO)

(/usr/share/texmf-dist/tex/latex/kvoptions/kvoptions.sty
Package: kvoptions 2022-06-15 v3.15 Key value format for package options (HO)

(/usr/share/texmf-dist/tex/latex/graphics/keyval.sty
Package: keyval 2022/05/29 v1.15 key=value parser (DPC)
\KV@toks@=\toks21
)
(/usr/share/texmf-dist/tex/latex/kvsetkeys/kvsetkeys.sty
Package: kvsetkeys 2022-10-05 v1.19 Key value parser (HO)
)))
\c@section@level=\count308
)
\tocentryskip=\skip134
\tocbaseline=\skip135
\cftparskip=\skip136
\cftbeforebookskip=\skip137
\cftbookindent=\dimen182
\cftbooknumwidth=\dimen183
\cftbeforepartskip=\skip138
\cftpartindent=\skip139
\cftpartnumwidth=\skip140
\cftbeforechapterskip=\skip141
\cftchapterindent=\skip142
\cftchapternumwidth=\skip143
\cftbeforesectionskip=\skip144
\cftsectionindent=\skip145
\cftsectionnumwidth=\skip146
\cftbeforesubsectionskip=\skip147
\cftsubsectionindent=\skip148
\cftsubsectionnumwidth=\skip149
\cftbeforesubsubsectionskip=\skip150
\cftsubsubsectionindent=\skip151
\cftsubsubsectionnumwidth=\skip152
\cftbeforeparagraphskip=\skip153
\cftparagraphindent=\skip154
\cftparagraphnumwidth=\skip155
\cftbeforesubparagraphskip=\skip156
\cftsubparagraphindent=\skip157
\cftsubparagraphnumwidth=\skip158
\prechapterprecisshift=\dimen184
\c@maxsecnumdepth=\count309
\bibindent=\dimen185
\bibitemsep=\skip159
\indexcolsep=\skip160
\indexrule=\skip161
\indexmarkstyle=\toks22
\@indexbox=\insert252
LaTeX Info: Redefining \raggedbottom on input line 8095.
LaTeX Info: Redefining \flushbottom on input line 8099.
\glossarycolsep=\dimen186
\glossaryrule=\dimen187
\sideparvshift=\skip162
\sideins=\insert251
\sidebartopsep=\skip163
\sidebarhsep=\skip164
\sidebarvsep=\skip165
\sidebarwidth=\skip166
\footmarkwidth=\skip167
\footmarksep=\skip168
\footparindent=\skip169
\footinsdim=\skip170
\footinsv@r=\insert250
\@mpfootinsv@r=\insert249
\m@m@k=\count310
\m@m@h=\dimen188
\m@mipn@skip=\skip171
\sidefootins=\insert248
\sidefootadjust=\skip172
\sidefootheight=\skip173
\sidefoothsep=\skip174
\sidefootvsep=\skip175
\sidefootwidth=\skip176
\m@mdownsf=\skip177
\c@sidefootnote=\count311
\sidefootmarkwidth=\skip178
\sidefootmarksep=\skip179
\sidefootparindent=\skip180
\c@pagenote=\count312
\c@pagenoteshadow=\count313
\mem@pn@lastkern=\skip181

(/usr/share/texmf-dist/tex/latex/tools/verbatim.sty
Package: verbatim 2024-01-22 v1.5x LaTeX2e package for verbatim enhancements
\every@verbatim=\toks23
\verbatim@line=\toks24
\verbatim@in@stream=\read2
)
\verbatimindent=\skip182
\verbatim@out=\write3

(/usr/share/texmf-dist/tex/latex/base/shortvrb.sty
Package: shortvrb 2024/12/25 v3.0q Standard LaTeX documentation package V3 (FMi
)
)
\bvboxsep=\skip183
\c@memfbvline=\count314
\c@bvlinectr=\count315
\bvnumlength=\skip184
\fb@frw=\dimen189
\fb@frh=\dimen190
\FrameRule=\dimen191
\FrameSep=\dimen192
\c@cp@cntr=\count316
\c@ism@mctr=\count317
\c@xsm@mctr=\count318
\c@csm@mctr=\count319
\c@ksm@mctr=\count320
\c@xksm@mctr=\count321
\c@cksm@mctr=\count322
\c@msm@mctr=\count323
\c@xmsm@mctr=\count324
\c@cmsm@mctr=\count325
\c@bsm@mctr=\count326
\c@workm@mctr=\count327
\c@sheetsequence=\count328
\c@lastsheet=\count329
\c@lastpage=\count330
\c@figure=\count331
\c@lofdepth=\count332
\cftbeforefigureskip=\skip185
\cftfigureindent=\skip186
\cftfigurenumwidth=\skip187
\c@table=\count333
\c@lotdepth=\count334
\cftbeforetableskip=\skip188
\cfttableindent=\skip189
\cfttablenumwidth=\skip190
Package abstract [2008/07/23] emulated by memoir.
Package appendix [2008/07/23] emulated by memoir.
Package ccaption [2008/07/23] emulated by memoir.
Package changepage [2008/07/23] emulated by memoir.
Package chngcntr [2008/07/23] emulated by memoir.
Package chngpage [2008/07/23] emulated by memoir.
Package crop emulated by memoir.
Package enumerate [2008/07/23] emulated by memoir.
Package epigraph [2008/07/23] emulated by memoir.
Package ifmtarg [2008/07/23] emulated by memoir.
Package index [2008/07/23] emulated by memoir.
Package makeidx [2008/07/23] emulated by memoir.
Package moreverb [2008/07/23] emulated by memoir.
Package needspace [2008/07/23] emulated by memoir.
Package newfile [2008/07/23] emulated by memoir.
Package nextpage [2008/07/23] emulated by memoir.
Package pagenote [2008/07/23] emulated by memoir.
Package parskip [2008/07/23] emulated by memoir.
Package patchcmd [2008/07/23] emulated by memoir.
Package setspace [2008/07/23] emulated by memoir.
Package showidx [2008/07/23] emulated by memoir.
Package titleref [2008/07/23] emulated by memoir.
Package titling [2008/07/23] emulated by memoir.
Package tocbibind [2008/07/23] emulated by memoir.
Package tocloft [2008/07/23] emulated by memoir.
Package tocvsec2 [2008/07/23] emulated by memoir.
Package verse [2008/07/23] emulated by memoir.
)
(/home/culove/texmf/tex/latex/vntex/vntex.sty
Package: vntex 2009/07/12 v1.1 support for Vietnamese

(/usr/share/texmf-dist/tex/latex/base/ifthen.sty
Package: ifthen 2024/03/16 v1.1e Standard LaTeX ifthen package (DPC)
)
(/usr/share/texmf-dist/tex/latex/base/fontenc.sty
Package: fontenc 2025/07/18 v2.1d Standard LaTeX package

(/home/culove/texmf/tex/latex/vntex/t5enc.def
File: t5enc.def 2006/11/21 v1.4 Vietnamese T5 encoding
Now handling font encoding T5 ...
... processing UTF-8 mapping file for font encoding T5

(/home/culove/texmf/tex/latex/vntex/t5enc.dfu
File: t5enc.dfu 2006/08/19 v1.1 UTF8 support for Vietnamese
   defining Unicode char U+00AB (decimal 171)
   defining Unicode char U+00BB (decimal 187)
   defining Unicode char U+00C0 (decimal 192)
   defining Unicode char U+00C1 (decimal 193)
   defining Unicode char U+00C2 (decimal 194)
   defining Unicode char U+00C3 (decimal 195)
   defining Unicode char U+00C8 (decimal 200)
   defining Unicode char U+00C9 (decimal 201)
   defining Unicode char U+00CA (decimal 202)
   defining Unicode char U+00CC (decimal 204)
   defining Unicode char U+00CD (decimal 205)
   defining Unicode char U+00D2 (decimal 210)
   defining Unicode char U+00D3 (decimal 211)
   defining Unicode char U+00D4 (decimal 212)
   defining Unicode char U+00D5 (decimal 213)
   defining Unicode char U+00D9 (decimal 217)
   defining Unicode char U+00DA (decimal 218)
   defining Unicode char U+00DD (decimal 221)
   defining Unicode char U+00E0 (decimal 224)
   defining Unicode char U+00E1 (decimal 225)
   defining Unicode char U+00E2 (decimal 226)
   defining Unicode char U+00E3 (decimal 227)
   defining Unicode char U+00E8 (decimal 232)
   defining Unicode char U+00E9 (decimal 233)
   defining Unicode char U+00EA (decimal 234)
   defining Unicode char U+00EC (decimal 236)
   defining Unicode char U+00ED (decimal 237)
   defining Unicode char U+00F2 (decimal 242)
   defining Unicode char U+00F3 (decimal 243)
   defining Unicode char U+00F4 (decimal 244)
   defining Unicode char U+00F5 (decimal 245)
   defining Unicode char U+00F9 (decimal 249)
   defining Unicode char U+00FA (decimal 250)
   defining Unicode char U+00FD (decimal 253)
   defining Unicode char U+0102 (decimal 258)
   defining Unicode char U+0103 (decimal 259)
   defining Unicode char U+0110 (decimal 272)
   defining Unicode char U+0111 (decimal 273)
   defining Unicode char U+0128 (decimal 296)
   defining Unicode char U+0129 (decimal 297)
   defining Unicode char U+0131 (decimal 305)
   defining Unicode char U+0168 (decimal 360)
   defining Unicode char U+0169 (decimal 361)
   defining Unicode char U+01A0 (decimal 416)
   defining Unicode char U+01A1 (decimal 417)
   defining Unicode char U+01AF (decimal 431)
   defining Unicode char U+01B0 (decimal 432)
   defining Unicode char U+1EA0 (decimal 7840)
   defining Unicode char U+1EA1 (decimal 7841)
   defining Unicode char U+1EA2 (decimal 7842)
   defining Unicode char U+1EA3 (decimal 7843)
   defining Unicode char U+1EA4 (decimal 7844)
   defining Unicode char U+1EA5 (decimal 7845)
   defining Unicode char U+1EA6 (decimal 7846)
   defining Unicode char U+1EA7 (decimal 7847)
   defining Unicode char U+1EA8 (decimal 7848)
   defining Unicode char U+1EA9 (decimal 7849)
   defining Unicode char U+1EAA (decimal 7850)
   defining Unicode char U+1EAB (decimal 7851)
   defining Unicode char U+1EAC (decimal 7852)
   defining Unicode char U+1EAD (decimal 7853)
   defining Unicode char U+1EAE (decimal 7854)
   defining Unicode char U+1EAF (decimal 7855)
   defining Unicode char U+1EB0 (decimal 7856)
   defining Unicode char U+1EB1 (decimal 7857)
   defining Unicode char U+1EB2 (decimal 7858)
   defining Unicode char U+1EB3 (decimal 7859)
   defining Unicode char U+1EB4 (decimal 7860)
   defining Unicode char U+1EB5 (decimal 7861)
   defining Unicode char U+1EB6 (decimal 7862)
   defining Unicode char U+1EB7 (decimal 7863)
   defining Unicode char U+1EB8 (decimal 7864)
   defining Unicode char U+1EB9 (decimal 7865)
   defining Unicode char U+1EBA (decimal 7866)
   defining Unicode char U+1EBB (decimal 7867)
   defining Unicode char U+1EBC (decimal 7868)
   defining Unicode char U+1EBD (decimal 7869)
   defining Unicode char U+1EBE (decimal 7870)
   defining Unicode char U+1EBF (decimal 7871)
   defining Unicode char U+1EC0 (decimal 7872)
   defining Unicode char U+1EC1 (decimal 7873)
   defining Unicode char U+1EC2 (decimal 7874)
   defining Unicode char U+1EC3 (decimal 7875)
   defining Unicode char U+1EC4 (decimal 7876)
   defining Unicode char U+1EC5 (decimal 7877)
   defining Unicode char U+1EC6 (decimal 7878)
   defining Unicode char U+1EC7 (decimal 7879)
   defining Unicode char U+1EC8 (decimal 7880)
   defining Unicode char U+1EC9 (decimal 7881)
   defining Unicode char U+1ECA (decimal 7882)
   defining Unicode char U+1ECB (decimal 7883)
   defining Unicode char U+1ECC (decimal 7884)
   defining Unicode char U+1ECD (decimal 7885)
   defining Unicode char U+1ECE (decimal 7886)
   defining Unicode char U+1ECF (decimal 7887)
   defining Unicode char U+1ED0 (decimal 7888)
   defining Unicode char U+1ED1 (decimal 7889)
   defining Unicode char U+1ED2 (decimal 7890)
   defining Unicode char U+1ED3 (decimal 7891)
   defining Unicode char U+1ED4 (decimal 7892)
   defining Unicode char U+1ED5 (decimal 7893)
   defining Unicode char U+1ED6 (decimal 7894)
   defining Unicode char U+1ED7 (decimal 7895)
   defining Unicode char U+1ED8 (decimal 7896)
   defining Unicode char U+1ED9 (decimal 7897)
   defining Unicode char U+1EDA (decimal 7898)
   defining Unicode char U+1EDB (decimal 7899)
   defining Unicode char U+1EDC (decimal 7900)
   defining Unicode char U+1EDD (decimal 7901)
   defining Unicode char U+1EDE (decimal 7902)
   defining Unicode char U+1EDF (decimal 7903)
   defining Unicode char U+1EE0 (decimal 7904)
   defining Unicode char U+1EE1 (decimal 7905)
   defining Unicode char U+1EE2 (decimal 7906)
   defining Unicode char U+1EE3 (decimal 7907)
   defining Unicode char U+1EE4 (decimal 7908)
   defining Unicode char U+1EE5 (decimal 7909)
   defining Unicode char U+1EE6 (decimal 7910)
   defining Unicode char U+1EE7 (decimal 7911)
   defining Unicode char U+1EE8 (decimal 7912)
   defining Unicode char U+1EE9 (decimal 7913)
   defining Unicode char U+1EEA (decimal 7914)
   defining Unicode char U+1EEB (decimal 7915)
   defining Unicode char U+1EEC (decimal 7916)
   defining Unicode char U+1EED (decimal 7917)
   defining Unicode char U+1EEE (decimal 7918)
   defining Unicode char U+1EEF (decimal 7919)
   defining Unicode char U+1EF0 (decimal 7920)
   defining Unicode char U+1EF1 (decimal 7921)
   defining Unicode char U+1EF2 (decimal 7922)
   defining Unicode char U+1EF3 (decimal 7923)
   defining Unicode char U+1EF4 (decimal 7924)
   defining Unicode char U+1EF5 (decimal 7925)
   defining Unicode char U+1EF6 (decimal 7926)
   defining Unicode char U+1EF7 (decimal 7927)
   defining Unicode char U+1EF8 (decimal 7928)
   defining Unicode char U+1EF9 (decimal 7929)
   defining Unicode char U+200C (decimal 8204)
   defining Unicode char U+2013 (decimal 8211)
   defining Unicode char U+2014 (decimal 8212)
   defining Unicode char U+2018 (decimal 8216)
   defining Unicode char U+2019 (decimal 8217)
   defining Unicode char U+201A (decimal 8218)
   defining Unicode char U+201C (decimal 8220)
   defining Unicode char U+201D (decimal 8221)
   defining Unicode char U+201E (decimal 8222)
   defining Unicode char U+2030 (decimal 8240)
   defining Unicode char U+2031 (decimal 8241)
   defining Unicode char U+2039 (decimal 8249)
   defining Unicode char U+203A (decimal 8250)
   defining Unicode char U+2423 (decimal 9251)
))
LaTeX Font Info:    Trying to load font information for T5+cmr on input line 11
6.

(/home/culove/texmf/tex/latex/vntex/t5cmr.fd
File: t5cmr.fd 1999/05/25 v2.5h Standard LaTeX font definitions
))
(/usr/share/texmf-dist/tex/latex/base/inputenc.sty
Package: inputenc 2024/02/08 v1.3d Input encoding file
\inpenc@prehook=\toks25
\inpenc@posthook=\toks26
)
(/home/culove/texmf/tex/latex/vntex/vncaps.tex
File: vncaps.tex 2006/06/07 v1.1 Captions in Vietnamese
))
(/usr/share/texmf-dist/tex/latex/anyfontsize/anyfontsize.sty
Package: anyfontsize 2007/11/22 anyfontsize.sty by pts
)
(/usr/share/texmf-dist/tex/latex/psnfss/mathptmx.sty
Package: mathptmx 2020/03/25 PSNFSS-v9.3 Times w/ Math, improved (SPQR, WaS) 
LaTeX Font Info:    Redeclaring symbol font `operators' on input line 28.
LaTeX Font Info:    Overwriting symbol font `operators' in version `normal'
(Font)                  OT1/cmr/m/n --> OT1/ztmcm/m/n on input line 28.
LaTeX Font Info:    Overwriting symbol font `operators' in version `bold'
(Font)                  OT1/cmr/bx/n --> OT1/ztmcm/m/n on input line 28.
LaTeX Font Info:    Redeclaring symbol font `letters' on input line 29.
LaTeX Font Info:    Overwriting symbol font `letters' in version `normal'
(Font)                  OML/cmm/m/it --> OML/ztmcm/m/it on input line 29.
LaTeX Font Info:    Overwriting symbol font `letters' in version `bold'
(Font)                  OML/cmm/b/it --> OML/ztmcm/m/it on input line 29.
LaTeX Font Info:    Redeclaring symbol font `symbols' on input line 30.
LaTeX Font Info:    Overwriting symbol font `symbols' in version `normal'
(Font)                  OMS/cmsy/m/n --> OMS/ztmcm/m/n on input line 30.
LaTeX Font Info:    Overwriting symbol font `symbols' in version `bold'
(Font)                  OMS/cmsy/b/n --> OMS/ztmcm/m/n on input line 30.
LaTeX Font Info:    Redeclaring symbol font `largesymbols' on input line 31.
LaTeX Font Info:    Overwriting symbol font `largesymbols' in version `normal'
(Font)                  OMX/cmex/m/n --> OMX/ztmcm/m/n on input line 31.
LaTeX Font Info:    Overwriting symbol font `largesymbols' in version `bold'
(Font)                  OMX/cmex/m/n --> OMX/ztmcm/m/n on input line 31.
\symbold=\mathgroup4
\symitalic=\mathgroup5
LaTeX Font Info:    Redeclaring math alphabet \mathbf on input line 34.
LaTeX Font Info:    Overwriting math alphabet `\mathbf' in version `normal'
(Font)                  OT1/cmr/bx/n --> OT1/ptm/bx/n on input line 34.
LaTeX Font Info:    Overwriting math alphabet `\mathbf' in version `bold'
(Font)                  OT1/cmr/bx/n --> OT1/ptm/bx/n on input line 34.
LaTeX Font Info:    Redeclaring math alphabet \mathit on input line 35.
LaTeX Font Info:    Overwriting math alphabet `\mathit' in version `normal'
(Font)                  OT1/cmr/m/it --> OT1/ptm/m/it on input line 35.
LaTeX Font Info:    Overwriting math alphabet `\mathit' in version `bold'
(Font)                  OT1/cmr/bx/it --> OT1/ptm/m/it on input line 35.
LaTeX Info: Redefining \hbar on input line 50.
)
(/usr/share/texmf-dist/tex/latex/base/fontenc.sty
Package: fontenc 2025/07/18 v2.1d Standard LaTeX package
LaTeX Font Info:    Trying to load font information for T5+ptm on input line 11
6.

(/home/culove/texmf/tex/latex/vntex/t5ptm.fd
File: t5utm.fd 2005/08/24 Fontinst v1.929 font definitions for T5/ptm.
))
(/usr/share/texmf-dist/tex/latex/geometry/geometry.sty
Package: geometry 2020/01/02 v5.9 Page Geometry

(/usr/share/texmf-dist/tex/generic/iftex/ifvtex.sty
Package: ifvtex 2019/10/25 v1.7 ifvtex legacy package. Use iftex instead.
)
\Gm@cnth=\count335
\Gm@cntv=\count336
\c@Gm@tempcnt=\count337
\Gm@bindingoffset=\dimen193
\Gm@wd@mp=\dimen194
\Gm@odd@mp=\dimen195
\Gm@even@mp=\dimen196
\Gm@layoutwidth=\dimen197
\Gm@layoutheight=\dimen198
\Gm@layouthoffset=\dimen199
\Gm@layoutvoffset=\dimen256
\Gm@dimlist=\toks27
)
(/usr/share/texmf-dist/tex/latex/graphics/graphicx.sty
Package: graphicx 2024/12/31 v1.2e Enhanced LaTeX Graphics (DPC,SPQR)

(/usr/share/texmf-dist/tex/latex/graphics/graphics.sty
Package: graphics 2024/08/06 v1.4g Standard LaTeX Graphics (DPC,SPQR)

(/usr/share/texmf-dist/tex/latex/graphics/trig.sty
Package: trig 2023/12/02 v1.11 sin cos tan (DPC)
)
(/usr/share/texmf-dist/tex/latex/graphics-cfg/graphics.cfg
File: graphics.cfg 2016/06/04 v1.11 sample graphics configuration
)
Package graphics Info: Driver file: pdftex.def on input line 106.

(/usr/share/texmf-dist/tex/latex/graphics-def/pdftex.def
File: pdftex.def 2025/09/29 v1.2d Graphics/color driver for pdftex
))
\Gin@req@height=\dimen257
\Gin@req@width=\dimen258
)
(/usr/share/texmf-dist/tex/latex/tools/indentfirst.sty
Package: indentfirst 2023/07/02 v1.03 Indent first paragraph (DPC)
)
(/usr/share/texmf-dist/tex/latex/pgf/frontendlayer/tikz.sty
(/usr/share/texmf-dist/tex/latex/pgf/basiclayer/pgf.sty
(/usr/share/texmf-dist/tex/latex/pgf/utilities/pgfrcs.sty
(/usr/share/texmf-dist/tex/generic/pgf/utilities/pgfutil-common.tex
\pgfutil@everybye=\toks28
\pgfutil@tempdima=\dimen259
\pgfutil@tempdimb=\dimen260
)
(/usr/share/texmf-dist/tex/generic/pgf/utilities/pgfutil-latex.def
\pgfutil@abb=\box58
)
(/usr/share/texmf-dist/tex/generic/pgf/utilities/pgfrcs.code.tex
(/usr/share/texmf-dist/tex/generic/pgf/pgf.revision.tex)
Package: pgfrcs 2025-08-29 v3.1.11a (3.1.11a)
))
Package: pgf 2025-08-29 v3.1.11a (3.1.11a)

(/usr/share/texmf-dist/tex/latex/pgf/basiclayer/pgfcore.sty
(/usr/share/texmf-dist/tex/latex/pgf/systemlayer/pgfsys.sty
(/usr/share/texmf-dist/tex/generic/pgf/systemlayer/pgfsys.code.tex
Package: pgfsys 2025-08-29 v3.1.11a (3.1.11a)

(/usr/share/texmf-dist/tex/generic/pgf/utilities/pgfkeys.code.tex
\pgfkeys@pathtoks=\toks29
\pgfkeys@temptoks=\toks30

(/usr/share/texmf-dist/tex/generic/pgf/utilities/pgfkeyslibraryfiltered.code.te
x
\pgfkeys@tmptoks=\toks31
))
\pgf@x=\dimen261
\pgf@y=\dimen262
\pgf@xa=\dimen263
\pgf@ya=\dimen264
\pgf@xb=\dimen265
\pgf@yb=\dimen266
\pgf@xc=\dimen267
\pgf@yc=\dimen268
\pgf@xd=\dimen269
\pgf@yd=\dimen270
\w@pgf@writea=\write4
\r@pgf@reada=\read3
\c@pgf@counta=\count338
\c@pgf@countb=\count339
\c@pgf@countc=\count340
\c@pgf@countd=\count341
\t@pgf@toka=\toks32
\t@pgf@tokb=\toks33
\t@pgf@tokc=\toks34
\pgf@sys@id@count=\count342
 (/usr/share/texmf-dist/tex/generic/pgf/systemlayer/pgf.cfg
File: pgf.cfg 2025-08-29 v3.1.11a (3.1.11a)
)
Driver file for pgf: pgfsys-pdftex.def

(/usr/share/texmf-dist/tex/generic/pgf/systemlayer/pgfsys-pdftex.def
File: pgfsys-pdftex.def 2025-08-29 v3.1.11a (3.1.11a)

(/usr/share/texmf-dist/tex/generic/pgf/systemlayer/pgfsys-common-pdf.def
File: pgfsys-common-pdf.def 2025-08-29 v3.1.11a (3.1.11a)
)))
(/usr/share/texmf-dist/tex/generic/pgf/systemlayer/pgfsyssoftpath.code.tex
File: pgfsyssoftpath.code.tex 2025-08-29 v3.1.11a (3.1.11a)
\pgfsyssoftpath@smallbuffer@items=\count343
\pgfsyssoftpath@bigbuffer@items=\count344
)
(/usr/share/texmf-dist/tex/generic/pgf/systemlayer/pgfsysprotocol.code.tex
File: pgfsysprotocol.code.tex 2025-08-29 v3.1.11a (3.1.11a)
))
(/usr/share/texmf-dist/tex/latex/xcolor/xcolor.sty
Package: xcolor 2024/09/29 v3.02 LaTeX color extensions (UK)

(/usr/share/texmf-dist/tex/latex/graphics-cfg/color.cfg
File: color.cfg 2016/01/02 v1.6 sample color configuration
)
Package xcolor Info: Driver file: pdftex.def on input line 274.

(/usr/share/texmf-dist/tex/latex/graphics/mathcolor.ltx)
Package xcolor Info: Model `cmy' substituted by `cmy0' on input line 1349.
Package xcolor Info: Model `hsb' substituted by `rgb' on input line 1353.
Package xcolor Info: Model `RGB' extended on input line 1365.
Package xcolor Info: Model `HTML' substituted by `rgb' on input line 1367.
Package xcolor Info: Model `Hsb' substituted by `hsb' on input line 1368.
Package xcolor Info: Model `tHsb' substituted by `hsb' on input line 1369.
Package xcolor Info: Model `HSB' substituted by `hsb' on input line 1370.
Package xcolor Info: Model `Gray' substituted by `gray' on input line 1371.
Package xcolor Info: Model `wave' substituted by `hsb' on input line 1372.
)
(/usr/share/texmf-dist/tex/generic/pgf/basiclayer/pgfcore.code.tex
Package: pgfcore 2025-08-29 v3.1.11a (3.1.11a)

(/usr/share/texmf-dist/tex/generic/pgf/math/pgfmath.code.tex
(/usr/share/texmf-dist/tex/generic/pgf/math/pgfmathutil.code.tex)
(/usr/share/texmf-dist/tex/generic/pgf/math/pgfmathparser.code.tex
\pgfmath@dimen=\dimen271
\pgfmath@count=\count345
\pgfmath@box=\box59
\pgfmath@toks=\toks35
\pgfmath@stack@operand=\toks36
\pgfmath@stack@operation=\toks37
)
(/usr/share/texmf-dist/tex/generic/pgf/math/pgfmathfunctions.code.tex)
(/usr/share/texmf-dist/tex/generic/pgf/math/pgfmathfunctions.basic.code.tex)
(/usr/share/texmf-dist/tex/generic/pgf/math/pgfmathfunctions.trigonometric.code
.tex)
(/usr/share/texmf-dist/tex/generic/pgf/math/pgfmathfunctions.random.code.tex)
(/usr/share/texmf-dist/tex/generic/pgf/math/pgfmathfunctions.comparison.code.te
x) (/usr/share/texmf-dist/tex/generic/pgf/math/pgfmathfunctions.base.code.tex)
(/usr/share/texmf-dist/tex/generic/pgf/math/pgfmathfunctions.round.code.tex)
(/usr/share/texmf-dist/tex/generic/pgf/math/pgfmathfunctions.misc.code.tex)
(/usr/share/texmf-dist/tex/generic/pgf/math/pgfmathfunctions.integerarithmetics
.code.tex) (/usr/share/texmf-dist/tex/generic/pgf/math/pgfmathcalc.code.tex)
(/usr/share/texmf-dist/tex/generic/pgf/math/pgfmathfloat.code.tex
\c@pgfmathroundto@lastzeros=\count346
))
(/usr/share/texmf-dist/tex/generic/pgf/math/pgfint.code.tex)
(/usr/share/texmf-dist/tex/generic/pgf/basiclayer/pgfcorepoints.code.tex
File: pgfcorepoints.code.tex 2025-08-29 v3.1.11a (3.1.11a)
\pgf@picminx=\dimen272
\pgf@picmaxx=\dimen273
\pgf@picminy=\dimen274
\pgf@picmaxy=\dimen275
\pgf@pathminx=\dimen276
\pgf@pathmaxx=\dimen277
\pgf@pathminy=\dimen278
\pgf@pathmaxy=\dimen279
\pgf@xx=\dimen280
\pgf@xy=\dimen281
\pgf@yx=\dimen282
\pgf@yy=\dimen283
\pgf@zx=\dimen284
\pgf@zy=\dimen285
)
(/usr/share/texmf-dist/tex/generic/pgf/basiclayer/pgfcorepathconstruct.code.tex
File: pgfcorepathconstruct.code.tex 2025-08-29 v3.1.11a (3.1.11a)
\pgf@path@lastx=\dimen286
\pgf@path@lasty=\dimen287
) (/usr/share/texmf-dist/tex/generic/pgf/basiclayer/pgfcorepathusage.code.tex
File: pgfcorepathusage.code.tex 2025-08-29 v3.1.11a (3.1.11a)
\pgf@shorten@end@additional=\dimen288
\pgf@shorten@start@additional=\dimen289
)
(/usr/share/texmf-dist/tex/generic/pgf/basiclayer/pgfcorescopes.code.tex
File: pgfcorescopes.code.tex 2025-08-29 v3.1.11a (3.1.11a)
\pgfpic=\box60
\pgf@hbox=\box61
\pgf@layerbox@main=\box62
\pgf@picture@serial@count=\count347
)
(/usr/share/texmf-dist/tex/generic/pgf/basiclayer/pgfcoregraphicstate.code.tex
File: pgfcoregraphicstate.code.tex 2025-08-29 v3.1.11a (3.1.11a)
\pgflinewidth=\dimen290
)
(/usr/share/texmf-dist/tex/generic/pgf/basiclayer/pgfcoretransformations.code.t
ex
File: pgfcoretransformations.code.tex 2025-08-29 v3.1.11a (3.1.11a)
\pgf@pt@x=\dimen291
\pgf@pt@y=\dimen292
\pgf@pt@temp=\dimen293
) (/usr/share/texmf-dist/tex/generic/pgf/basiclayer/pgfcorequick.code.tex
File: pgfcorequick.code.tex 2025-08-29 v3.1.11a (3.1.11a)
)
(/usr/share/texmf-dist/tex/generic/pgf/basiclayer/pgfcoreobjects.code.tex
File: pgfcoreobjects.code.tex 2025-08-29 v3.1.11a (3.1.11a)
)
(/usr/share/texmf-dist/tex/generic/pgf/basiclayer/pgfcorepathprocessing.code.te
x
File: pgfcorepathprocessing.code.tex 2025-08-29 v3.1.11a (3.1.11a)
) (/usr/share/texmf-dist/tex/generic/pgf/basiclayer/pgfcorearrows.code.tex
File: pgfcorearrows.code.tex 2025-08-29 v3.1.11a (3.1.11a)
\pgfarrowsep=\dimen294
)
(/usr/share/texmf-dist/tex/generic/pgf/basiclayer/pgfcoreshade.code.tex
File: pgfcoreshade.code.tex 2025-08-29 v3.1.11a (3.1.11a)
\pgf@max=\dimen295
\pgf@sys@shading@range@num=\count348
\pgf@shadingcount=\count349
)
(/usr/share/texmf-dist/tex/generic/pgf/basiclayer/pgfcoreimage.code.tex
File: pgfcoreimage.code.tex 2025-08-29 v3.1.11a (3.1.11a)
)
(/usr/share/texmf-dist/tex/generic/pgf/basiclayer/pgfcoreexternal.code.tex
File: pgfcoreexternal.code.tex 2025-08-29 v3.1.11a (3.1.11a)
\pgfexternal@startupbox=\box63
)
(/usr/share/texmf-dist/tex/generic/pgf/basiclayer/pgfcorelayers.code.tex
File: pgfcorelayers.code.tex 2025-08-29 v3.1.11a (3.1.11a)
)
(/usr/share/texmf-dist/tex/generic/pgf/basiclayer/pgfcoretransparency.code.tex
File: pgfcoretransparency.code.tex 2025-08-29 v3.1.11a (3.1.11a)
) (/usr/share/texmf-dist/tex/generic/pgf/basiclayer/pgfcorepatterns.code.tex
File: pgfcorepatterns.code.tex 2025-08-29 v3.1.11a (3.1.11a)
)
(/usr/share/texmf-dist/tex/generic/pgf/basiclayer/pgfcorerdf.code.tex
File: pgfcorerdf.code.tex 2025-08-29 v3.1.11a (3.1.11a)
)))
(/usr/share/texmf-dist/tex/generic/pgf/modules/pgfmoduleshapes.code.tex
File: pgfmoduleshapes.code.tex 2025-08-29 v3.1.11a (3.1.11a)
\pgfnodeparttextbox=\box64
)
(/usr/share/texmf-dist/tex/generic/pgf/modules/pgfmoduleplot.code.tex
File: pgfmoduleplot.code.tex 2025-08-29 v3.1.11a (3.1.11a)
)
(/usr/share/texmf-dist/tex/latex/pgf/compatibility/pgfcomp-version-0-65.sty
Package: pgfcomp-version-0-65 2025-08-29 v3.1.11a (3.1.11a)
\pgf@nodesepstart=\dimen296
\pgf@nodesepend=\dimen297
)
(/usr/share/texmf-dist/tex/latex/pgf/compatibility/pgfcomp-version-1-18.sty
Package: pgfcomp-version-1-18 2025-08-29 v3.1.11a (3.1.11a)
))
(/usr/share/texmf-dist/tex/latex/pgf/utilities/pgffor.sty
(/usr/share/texmf-dist/tex/latex/pgf/utilities/pgfkeys.sty
(/usr/share/texmf-dist/tex/generic/pgf/utilities/pgfkeys.code.tex))
(/usr/share/texmf-dist/tex/latex/pgf/math/pgfmath.sty
(/usr/share/texmf-dist/tex/generic/pgf/math/pgfmath.code.tex))
(/usr/share/texmf-dist/tex/generic/pgf/utilities/pgffor.code.tex
Package: pgffor 2025-08-29 v3.1.11a (3.1.11a)
\pgffor@iter=\dimen298
\pgffor@skip=\dimen299
\pgffor@stack=\toks38
\pgffor@toks=\toks39
))
(/usr/share/texmf-dist/tex/generic/pgf/frontendlayer/tikz/tikz.code.tex
Package: tikz 2025-08-29 v3.1.11a (3.1.11a)

(/usr/share/texmf-dist/tex/generic/pgf/libraries/pgflibraryplothandlers.code.te
x
File: pgflibraryplothandlers.code.tex 2025-08-29 v3.1.11a (3.1.11a)
\pgf@plot@mark@count=\count350
\pgfplotmarksize=\dimen300
)
\tikz@lastx=\dimen301
\tikz@lasty=\dimen302
\tikz@lastxsaved=\dimen303
\tikz@lastysaved=\dimen304
\tikz@lastmovetox=\dimen305
\tikz@lastmovetoy=\dimen306
\tikzleveldistance=\dimen307
\tikzsiblingdistance=\dimen308
\tikz@figbox=\box65
\tikz@figbox@bg=\box66
\tikz@tempbox=\box67
\tikz@tempbox@bg=\box68
\tikztreelevel=\count351
\tikznumberofchildren=\count352
\tikznumberofcurrentchild=\count353
\tikz@fig@count=\count354
 (/usr/share/texmf-dist/tex/generic/pgf/modules/pgfmodulematrix.code.tex
File: pgfmodulematrix.code.tex 2025-08-29 v3.1.11a (3.1.11a)
\pgfmatrixcurrentrow=\count355
\pgfmatrixcurrentcolumn=\count356
\pgf@matrix@numberofcolumns=\count357
)
\tikz@expandcount=\count358

(/usr/share/texmf-dist/tex/generic/pgf/frontendlayer/tikz/libraries/tikzlibrary
topaths.code.tex
File: tikzlibrarytopaths.code.tex 2025-08-29 v3.1.11a (3.1.11a)
))) (/usr/share/texmf-dist/tex/latex/caption/caption.sty
Package: caption 2023/08/05 v3.6o Customizing captions (AR)

(/usr/share/texmf-dist/tex/latex/caption/caption3.sty
Package: caption3 2023/07/31 v2.4d caption3 kernel (AR)
\caption@tempdima=\dimen309
\captionmargin=\dimen310
\caption@leftmargin=\dimen311
\caption@rightmargin=\dimen312
\caption@width=\dimen313
\caption@indent=\dimen314
\caption@parindent=\dimen315
\caption@hangindent=\dimen316
Package caption Info: memoir document class detected.

(/usr/share/texmf-dist/tex/latex/caption/caption-memoir.sto
File: caption-memoir.sto 2023/09/08 v2.2c Adaption of the caption package to th
e memoir document class (AR)
))
\c@caption@flags=\count359
\c@continuedfloat=\count360
Package caption Info: changepage package is loaded.
\caption@adjustwidth@hsize=\dimen317
\caption@adjustwidth@linewidth=\dimen318
)
(/usr/share/texmf-dist/tex/latex/hyperref/hyperref.sty
Package: hyperref 2026-01-29 v7.01p Hypertext links for LaTeX

(/usr/share/texmf-dist/tex/generic/kvdefinekeys/kvdefinekeys.sty
Package: kvdefinekeys 2019-12-19 v1.6 Define keys (HO)
)
(/usr/share/texmf-dist/tex/generic/pdfescape/pdfescape.sty
Package: pdfescape 2019/12/09 v1.15 Implements pdfTeX's escape features (HO)

(/usr/share/texmf-dist/tex/generic/pdftexcmds/pdftexcmds.sty
Package: pdftexcmds 2020-06-27 v0.33 Utility functions of pdfTeX for LuaTeX (HO
)
Package pdftexcmds Info: \pdf@primitive is available.
Package pdftexcmds Info: \pdf@ifprimitive is available.
Package pdftexcmds Info: \pdfdraftmode found.
))
(/usr/share/texmf-dist/tex/latex/hycolor/hycolor.sty
Package: hycolor 2020-01-27 v1.10 Color options for hyperref/bookmark (HO)
)
(/usr/share/texmf-dist/tex/generic/stringenc/stringenc.sty
Package: stringenc 2019/11/29 v1.12 Convert strings between diff. encodings (HO
)
)
\@linkdim=\dimen319
\Hy@linkcounter=\count361
\Hy@pagecounter=\count362

(/usr/share/texmf-dist/tex/latex/hyperref/pd1enc.def
File: pd1enc.def 2026-01-29 v7.01p Hyperref: PDFDocEncoding definition (HO)
Now handling font encoding PD1 ...
... no UTF-8 mapping file for font encoding PD1
)
(/usr/share/texmf-dist/tex/generic/intcalc/intcalc.sty
Package: intcalc 2019/12/15 v1.3 Expandable calculations with integers (HO)
)
\Hy@SavedSpaceFactor=\count363

(/usr/share/texmf-dist/tex/latex/hyperref/puenc.def
File: puenc.def 2026-01-29 v7.01p Hyperref: PDF Unicode definition (HO)
Now handling font encoding PU ...
... no UTF-8 mapping file for font encoding PU
)
Package hyperref Info: Hyper figures OFF on input line 4201.
Package hyperref Info: Link nesting OFF on input line 4206.
Package hyperref Info: Hyper index ON on input line 4209.
Package hyperref Info: Plain pages OFF on input line 4216.
Package hyperref Info: Backreferencing OFF on input line 4221.
Package hyperref Info: Implicit mode ON; LaTeX internals redefined.
Package hyperref Info: Bookmarks ON on input line 4468.
\c@Hy@tempcnt=\count364

(/usr/share/texmf-dist/tex/latex/url/url.sty
\Urlmuskip=\muskip17
Package: url 2013/09/16  ver 3.4  Verb mode for urls, etc.
)
LaTeX Info: Redefining \url on input line 4807.
\XeTeXLinkMargin=\dimen320

(/usr/share/texmf-dist/tex/generic/bitset/bitset.sty
Package: bitset 2019/12/09 v1.3 Handle bit-vector datatype (HO)

(/usr/share/texmf-dist/tex/generic/bigintcalc/bigintcalc.sty
Package: bigintcalc 2019/12/15 v1.5 Expandable calculations on big integers (HO
)
))
\Fld@menulength=\count365
\Field@Width=\dimen321
\Fld@charsize=\dimen322
Package hyperref Info: Hyper figures OFF on input line 6084.
Package hyperref Info: Link nesting OFF on input line 6089.
Package hyperref Info: Hyper index ON on input line 6092.
Package hyperref Info: backreferencing OFF on input line 6099.
Package hyperref Info: Link coloring OFF on input line 6104.
Package hyperref Info: Link coloring with OCG OFF on input line 6109.
Package hyperref Info: PDF/A mode OFF on input line 6114.
\Hy@abspage=\count366
\c@Item=\count367
\c@Hfootnote=\count368
)
Package hyperref Info: Driver (autodetected): hpdftex.

(/usr/share/texmf-dist/tex/latex/hyperref/hpdftex.def
File: hpdftex.def 2026-01-29 v7.01p Hyperref driver for pdfTeX
\Fld@listcount=\count369
\c@bookmark@seq@number=\count370

(/usr/share/texmf-dist/tex/latex/rerunfilecheck/rerunfilecheck.sty
Package: rerunfilecheck 2025-06-21 v1.11 Rerun checks for auxiliary files (HO)

(/usr/share/texmf-dist/tex/generic/uniquecounter/uniquecounter.sty
Package: uniquecounter 2019/12/15 v1.4 Provide unlimited unique counter (HO)
)
Package uniquecounter Info: New unique counter `rerunfilecheck' on input line 2
84.
)
\Hy@SectionHShift=\skip191
)
(/usr/share/texmf-dist/tex/latex/memoir/memhfixc.sty
Package: memhfixc 2025/09/16 v1.24 hyperref package fixes for memoir class
\c@memhycontfloat=\count371
\c@mem@Hpagenote=\count372
)
(/usr/share/texmf-dist/tex/latex/natbib/natbib.sty
Package: natbib 2010/09/13 8.31b (PWD, AO)
\bibhang=\skip192
\bibsep=\skip193
LaTeX Info: Redefining \cite on input line 694.
\c@NAT@ctr=\count373
)
(/usr/share/texmf-dist/tex/latex/amsmath/amsmath.sty
Package: amsmath 2025/07/09 v2.17z AMS math features
\@mathmargin=\skip194

For additional information on amsmath, use the `?' option.
(/usr/share/texmf-dist/tex/latex/amsmath/amstext.sty
Package: amstext 2024/11/17 v2.01 AMS text

(/usr/share/texmf-dist/tex/latex/amsmath/amsgen.sty
File: amsgen.sty 1999/11/30 v2.0 generic functions
\@emptytoks=\toks40
\ex@=\dimen323
))
(/usr/share/texmf-dist/tex/latex/amsmath/amsbsy.sty
Package: amsbsy 1999/11/29 v1.2d Bold Symbols
\pmbraise@=\dimen324
)
(/usr/share/texmf-dist/tex/latex/amsmath/amsopn.sty
Package: amsopn 2022/04/08 v2.04 operator names
)
\inf@bad=\count374
LaTeX Info: Redefining \frac on input line 233.
\uproot@=\count375
\leftroot@=\count376
LaTeX Info: Redefining \overline on input line 398.
LaTeX Info: Redefining \colon on input line 409.
\classnum@=\count377
\DOTSCASE@=\count378
LaTeX Info: Redefining \ldots on input line 495.
LaTeX Info: Redefining \dots on input line 498.
LaTeX Info: Redefining \cdots on input line 619.
\Mathstrutbox@=\box69
\strutbox@=\box70
LaTeX Info: Redefining \big on input line 721.
LaTeX Info: Redefining \Big on input line 722.
LaTeX Info: Redefining \bigg on input line 723.
LaTeX Info: Redefining \Bigg on input line 724.
\big@size=\dimen325
LaTeX Font Info:    Redeclaring font encoding OML on input line 742.
LaTeX Font Info:    Redeclaring font encoding OMS on input line 743.
\macc@depth=\count379
LaTeX Info: Redefining \bmod on input line 904.
LaTeX Info: Redefining \pmod on input line 909.
LaTeX Info: Redefining \smash on input line 939.
LaTeX Info: Redefining \relbar on input line 969.
LaTeX Info: Redefining \Relbar on input line 970.
\c@MaxMatrixCols=\count380
\dotsspace@=\muskip18
\c@parentequation=\count381
\dspbrk@lvl=\count382
\tag@help=\toks41
\row@=\count383
\column@=\count384
\maxfields@=\count385
\andhelp@=\toks42
\eqnshift@=\dimen326
\alignsep@=\dimen327
\tagshift@=\dimen328
\tagwidth@=\dimen329
\totwidth@=\dimen330
\lineht@=\dimen331
\@envbody=\toks43
\multlinegap=\skip195
\multlinetaggap=\skip196
\mathdisplay@stack=\toks44
LaTeX Info: Redefining \[ on input line 2950.
LaTeX Info: Redefining \] on input line 2951.
)
(/usr/share/texmf-dist/tex/latex/amsfonts/amssymb.sty
Package: amssymb 2013/01/14 v3.01 AMS font symbols

(/usr/share/texmf-dist/tex/latex/amsfonts/amsfonts.sty
Package: amsfonts 2013/01/14 v3.01 Basic AMSFonts support
\symAMSa=\mathgroup6
\symAMSb=\mathgroup7
LaTeX Font Info:    Overwriting math alphabet `\mathfrak' in version `bold'
(Font)                  U/euf/m/n --> U/euf/b/n on input line 106.
))
(/usr/share/texmf-dist/tex/latex/cleveref/cleveref.sty
Package: cleveref 2018/03/27 v0.21.4 Intelligent cross-referencing
Package cleveref Info: `hyperref' support loaded on input line 2370.
LaTeX Info: Redefining \cref on input line 2370.
LaTeX Info: Redefining \Cref on input line 2370.
LaTeX Info: Redefining \crefrange on input line 2370.
LaTeX Info: Redefining \Crefrange on input line 2370.
LaTeX Info: Redefining \cpageref on input line 2370.
LaTeX Info: Redefining \Cpageref on input line 2370.
LaTeX Info: Redefining \cpagerefrange on input line 2370.
LaTeX Info: Redefining \Cpagerefrange on input line 2370.
LaTeX Info: Redefining \labelcref on input line 2370.
LaTeX Info: Redefining \labelcpageref on input line 2370.
Package cleveref Info: include cross-reference names in hyperlinks on input lin
e 7836.
Package cleveref Info: include cross-reference names in hyperlinks on input lin
e 7852.
)
==> First Aid for cleveref.sty applied!
(/usr/share/texmf-dist/tex/generic/babel/babel.sty
Package: babel 2026/02/14 v26.3 The multilingual framework for LuaLaTeX, pdfLaT
eX and XeLaTeX
\babel@savecnt=\count386
LaTeX Encoding Info:    Redeclaring text command \ij (encoding OT1) on input li
ne 2078.
LaTeX Encoding Info:    Redeclaring text command \IJ (encoding OT1) on input li
ne 2080.
LaTeX Encoding Info:    Redeclaring text command \ij (encoding T1) on input lin
e 2082.
LaTeX Encoding Info:    Redeclaring text command \IJ (encoding T1) on input lin
e 2083.
LaTeX Encoding Info:    Ignoring declaration for text command \ij (encoding ?) 
on input line 2084.
LaTeX Encoding Info:    Ignoring declaration for text command \IJ (encoding ?) 
on input line 2086.
LaTeX Encoding Info:    Ignoring declaration for text command \SS (encoding ?) 
on input line 2111.
\U@D=\dimen332
\l@unhyphenated=\language3

(/usr/share/texmf-dist/tex/generic/babel/txtbabel.def)
\bbl@readstream=\read4
\bbl@dirlevel=\count387

(/usr/share/texmf-dist/tex/generic/babel/locale/en/babel-english.tex)
Package babel Info: Importing font and identification data for english
(babel)             from babel-en.ini. Reported on input line 4330.

(/usr/share/texmf-dist/tex/generic/babel-english/english.ldf
Language: english 2017/06/06 v3.3r English support from the babel system
))
(/usr/share/texmf-dist/tex/generic/pgf/frontendlayer/tikz/libraries/tikzlibrary
calc.code.tex
File: tikzlibrarycalc.code.tex 2025-08-29 v3.1.11a (3.1.11a)
)
Package hyperref Info: Option `colorlinks' set `true' on input line 186.
) (/usr/share/texmf-dist/tex/latex/xurl/xurl.sty
Package: xurl 2022/01/09 v 0.10 modify URL breaks
)
(/usr/share/texmf-dist/tex/latex/silence/silence.sty
Package: silence 2012/07/02 v1.5b Selective filtering of warnings and error mes
sages
\sl@Save=\count388
\sl@StateNumber=\count389
\sl@MessageCount=\count390
\sl@Casualties=\count391
\sl@Filter=\toks45
\sl@Message=\toks46
\sl@UnexpandedMessage=\toks47
\sl@Mess@ge=\toks48
\sl@WarningCount=\count392
\sl@WarningNumber=\count393
\sl@WarningCasualties=\count394
\sl@TempBOW=\toks49
\sl@BankOfWarnings=\toks50
LaTeX Info: Redefining \GenericWarning on input line 433.
\sl@ErrorCount=\count395
\sl@ErrorNumber=\count396
\sl@ErrorCasualties=\count397
\sl@TempBOE=\toks51
\sl@BankOfErrors=\toks52
LaTeX Info: Redefining \GenericError on input line 601.
)
(/usr/share/texmf-dist/tex/latex/graphics/rotating.sty
Package: rotating 2025/01/14 v2.16e rotated objects in LaTeX
\c@r@tfl@t=\count398
\rotFPtop=\skip197
\rotFPbot=\skip198
\rot@float@box=\box71
\rot@mess@toks=\toks53
)
(/usr/share/texmf-dist/tex/latex/tools/longtable.sty
Package: longtable 2025-10-13 v4.24 Multi-page Table package (DPC)
\LTleft=\skip199
\LTright=\skip256
\LTpre=\skip257
\LTpost=\skip258
\LTchunksize=\count399
\LTcapwidth=\dimen333
\LT@head=\box72
\LT@firsthead=\box73
\LT@foot=\box74
\LT@lastfoot=\box75
\LT@gbox=\box76
\LT@cols=\count400
\LT@rows=\count401
\c@LT@tables=\count402
\c@LT@chunks=\count403
\LT@p@ftn=\toks54
)
(/usr/share/texmf-dist/tex/latex/ltablex/ltablex.sty
Package: ltablex 2014/08/13 v1.1 Modified tabularx
)
(/usr/share/texmf-dist/tex/latex/pdflscape/pdflscape.sty
Package: pdflscape 2025-06-23 v0.14 Display of landscape pages in PDF

(/usr/share/texmf-dist/tex/latex/pdflscape/pdflscape-nometadata.sty
Package: pdflscape-nometadata 2025-06-23 v0.14 Display of landscape pages in PD
F (HO)

(/usr/share/texmf-dist/tex/latex/graphics/lscape.sty
Package: lscape 2020/05/28 v3.02 Landscape Pages (DPC)
)
Package pdflscape Info: Auto-detected driver: pdftex on input line 81.
))
(/usr/share/texmf-dist/tex/latex/enumitem/enumitem.sty
Package: enumitem 2025/02/06 v3.11 Customized lists
\labelindent=\skip259
\enit@outerparindent=\dimen334
\enit@toks=\toks55
\enit@inbox=\box77
\enit@count@id=\count404
\enitdp@description=\count405
)
(/usr/share/texmf-dist/tex/latex/blindtext/blindtext.sty
Package: blindtext 2012/01/06 V2.0 blindtext-Package

(/usr/share/texmf-dist/tex/latex/tools/xspace.sty
Package: xspace 2014/10/28 v1.13 Space after command names (DPC,MH)
)
\c@blindtext=\count406
\c@Blindtext=\count407
\c@blind@countparstart=\count408
\blind@countxx=\count409
\blindtext@numBlindtext=\count410
\blind@countyy=\count411
\c@blindlist=\count412
\c@blindlistlevel=\count413
\c@blindlist@level=\count414
\blind@listitem=\count415
\c@blind@listcount=\count416
\c@blind@levelcount=\count417
\blind@mathformula=\count418
\blind@Mathformula=\count419
\c@blind@randomcount=\count420
\c@blind@randommax=\count421
\c@blind@pangramcount=\count422
\c@blind@pangrammax=\count423
)
(/usr/share/texmf-dist/tex/latex/float/float.sty
Package: float 2001/11/08 v1.3d Float enhancements (AL)
\c@float@type=\count424
\float@exts=\toks56
\float@box=\box78
\@float@everytoks=\toks57
\@floatcapt=\box79
) (./thesis.aux
(./chapters/front/1-declaration.aux) (./chapters/front/2-acknowledge.aux)
(./chapters/front/3-abstract.aux) (./chapters/main/1-introduction.aux)
(./chapters/main/2-technology-stack.aux)
(./chapters/main/3-system-design-analysis.aux)
(./chapters/main/4-ai-features.aux) (./chapters/main/5-simulation-design.aux)
(./chapters/main/6-deployment.aux) (./chapters/main/7-system-eval.aux)
(./chapters/main/8-work-evaluation-future-plan.aux)
(./chapters/main/9-conclusion.aux)
(./chapters/back/appendix-a-contributions.aux)
(./chapters/back/appendix-b-usecases.aux) (./chapters/back/appendix-c-e2e.aux))
\openout1 = `thesis.aux'.

LaTeX Font Info:    Checking defaults for OML/cmm/m/it on input line 96.
LaTeX Font Info:    ... okay on input line 96.
LaTeX Font Info:    Checking defaults for OMS/cmsy/m/n on input line 96.
LaTeX Font Info:    ... okay on input line 96.
LaTeX Font Info:    Checking defaults for OT1/cmr/m/n on input line 96.
LaTeX Font Info:    ... okay on input line 96.
LaTeX Font Info:    Checking defaults for T1/cmr/m/n on input line 96.
LaTeX Font Info:    ... okay on input line 96.
LaTeX Font Info:    Checking defaults for TS1/cmr/m/n on input line 96.
LaTeX Font Info:    ... okay on input line 96.
LaTeX Font Info:    Checking defaults for OMX/cmex/m/n on input line 96.
LaTeX Font Info:    ... okay on input line 96.
LaTeX Font Info:    Checking defaults for U/cmr/m/n on input line 96.
LaTeX Font Info:    ... okay on input line 96.
LaTeX Font Info:    Checking defaults for T5/cmr/m/n on input line 96.
LaTeX Font Info:    ... okay on input line 96.
LaTeX Font Info:    Checking defaults for PD1/pdf/m/n on input line 96.
LaTeX Font Info:    ... okay on input line 96.
LaTeX Font Info:    Checking defaults for PU/pdf/m/n on input line 96.
LaTeX Font Info:    ... okay on input line 96.
*geometry* driver: auto-detecting
*geometry* detected driver: pdftex
*geometry* verbose mode - [ preamble ] result:
* driver: pdftex
* paper: a4paper
* layout: <same size as paper>
* layoutoffset:(h,v)=(0.0pt,0.0pt)
* modes: includehead includefoot twoside 
* h-part:(L,W,R)=(85.35826pt, 455.24411pt, 56.9055pt)
* v-part:(T,H,B)=(71.13188pt, 702.78308pt, 71.13188pt)
* \paperwidth=597.50787pt
* \paperheight=845.04684pt
* \textwidth=455.24411pt
* \textheight=638.40929pt
* \oddsidemargin=13.08827pt
* \evensidemargin=-15.36449pt
* \topmargin=-1.1381pt
* \headheight=18.0pt
* \headsep=19.8738pt
* \topskip=12.0pt
* \footskip=30.0pt
* \marginparwidth=92.0pt
* \marginparsep=7.0pt
* \columnsep=10.0pt
* \skip\footins=12.0pt plus 4.0pt minus 4.0pt
* \hoffset=0.0pt
* \voffset=0.0pt
* \mag=1000
* \@twocolumnfalse
* \@twosidetrue
* \@mparswitchtrue
* \@reversemarginfalse
* (1in=72.27pt=25.4mm, 1cm=28.453pt)

(/usr/share/texmf-dist/tex/context/base/mkii/supp-pdf.mkii
[Loading MPS to PDF converter (version 2006.09.02).]
\scratchcounter=\count425
\scratchdimen=\dimen335
\scratchbox=\box80
\nofMPsegments=\count426
\nofMParguments=\count427
\everyMPshowfont=\toks58
\MPscratchCnt=\count428
\MPscratchDim=\dimen336
\MPnumerator=\count429
\makeMPintoPDFobject=\count430
\everyMPtoPDFconversion=\toks59
) (/usr/share/texmf-dist/tex/latex/epstopdf-pkg/epstopdf-base.sty
Package: epstopdf-base 2020-01-24 v2.11 Base part for package epstopdf
Package epstopdf-base Info: Redefining graphics rule for `.eps' on input line 4
85.

(/usr/share/texmf-dist/tex/latex/latexconfig/epstopdf-sys.cfg
File: epstopdf-sys.cfg 2010/07/13 v1.3 Configuration of (r)epstopdf for TeX Liv
e
))
Package caption Info: Begin \AtBeginDocument code.
Package caption Info: float package is loaded.
Package caption Info: hyperref package is loaded.
Package caption Info: longtable package is loaded.

(/usr/share/texmf-dist/tex/latex/caption/ltcaption.sty
Package: ltcaption 2021/01/08 v1.4c longtable captions (AR)
)
Package caption Info: rotating package is loaded.
Package caption Info: End \AtBeginDocument code.
Package hyperref Info: Link coloring ON on input line 96.
 (./thesis.out)
(./thesis.out)
\@outlinefile=\write5
\openout5 = `thesis.out'.

Package hyperref Info: Option `pageanchor' set `false' on input line 104.
<graphics/hcmut.png, id=537, 291.0072pt x 293.898pt>
File: graphics/hcmut.png Graphic file (type png)
<use graphics/hcmut.png>
Package pdftex.def Info: graphics/hcmut.png  used on input line 105.
(pdftex.def)             Requested size: 87.30283pt x 88.17007pt.
LaTeX Font Info:    Trying to load font information for OT1+ztmcm on input line
 105.
 (/usr/share/texmf-dist/tex/latex/psnfss/ot1ztmcm.fd
File: ot1ztmcm.fd 2000/01/03 Fontinst v1.801 font definitions for OT1/ztmcm.
)
LaTeX Font Info:    Trying to load font information for OML+ztmcm on input line
 105.

(/usr/share/texmf-dist/tex/latex/psnfss/omlztmcm.fd
File: omlztmcm.fd 2000/01/03 Fontinst v1.801 font definitions for OML/ztmcm.
)
LaTeX Font Info:    Trying to load font information for OMS+ztmcm on input line
 105.

(/usr/share/texmf-dist/tex/latex/psnfss/omsztmcm.fd
File: omsztmcm.fd 2000/01/03 Fontinst v1.801 font definitions for OMS/ztmcm.
)
LaTeX Font Info:    Trying to load font information for OMX+ztmcm on input line
 105.

(/usr/share/texmf-dist/tex/latex/psnfss/omxztmcm.fd
File: omxztmcm.fd 2000/01/03 Fontinst v1.801 font definitions for OMX/ztmcm.
)
LaTeX Font Info:    Trying to load font information for OT1+ptm on input line 1
05.

(/usr/share/texmf-dist/tex/latex/psnfss/ot1ptm.fd
File: ot1ptm.fd 2001/06/04 font definitions for OT1/ptm.
)
LaTeX Font Info:    Font shape `OT1/ptm/bx/n' in size <12> not available
(Font)              Font shape `OT1/ptm/b/n' tried instead on input line 105.
LaTeX Font Info:    Font shape `OT1/ptm/bx/n' in size <9> not available
(Font)              Font shape `OT1/ptm/b/n' tried instead on input line 105.
LaTeX Font Info:    Font shape `OT1/ptm/bx/n' in size <7> not available
(Font)              Font shape `OT1/ptm/b/n' tried instead on input line 105.
 [1

{/home/culove/.texlive/texmf-var/fonts/map/pdftex/updmap/pdftex.map}{/home/culo
ve/texmf/fonts/enc/dvips/vntex/t5.enc} <./graphics/hcmut.png>] [2

]
Package hyperref Info: Option `pageanchor' set `true' on input line 107.
\openout2 = `chapters/front/1-declaration.aux'.

 (./chapters/front/1-declaration.tex)
[1




]
\openout2 = `chapters/front/2-acknowledge.aux'.

 (./chapters/front/2-acknowledge.tex [2




]) [3]
\openout2 = `chapters/front/3-abstract.aux'.


(./chapters/front/3-abstract.tex [4




]) [5] (./thesis.toc [6


] [7] [8] [9])
[10] (./thesis.lot [11

]) [12] (./thesis.lof [13

] [14]) [15] [16

]
\openout2 = `chapters/main/1-introduction.aux'.


(./chapters/main/1-introduction.tex
CHĆŻĆ NG 1.
LaTeX Font Info:    Trying to load font information for TS1+ptm on input line 9
.
(/usr/share/texmf-dist/tex/latex/psnfss/ts1ptm.fd
File: ts1ptm.fd 2001/06/04 font definitions for TS1/ptm.
) [1


{/usr/share/texmf-dist/fonts/enc/dvips/base/8r.enc}] [2] [3]) [4]
\openout2 = `chapters/main/2-technology-stack.aux'.

 (./chapters/main/2-technology-stack.tex
CHĆŻĆ NG 2.
[5




] [6]
LaTeX Font Info:    Font shape `OT1/ptm/bx/n' in size <5> not available
(Font)              Font shape `OT1/ptm/b/n' tried instead on input line 73.
 [7] [8]) [9]
\openout2 = `chapters/main/3-system-design-analysis.aux'.

 (./chapters/main/3-system-design-analysis.tex [10




]
CHĆŻĆ NG 3.
<graphics/related_products/study4.png, id=1093, 1497.1935pt x 633.567pt>
File: graphics/related_products/study4.png Graphic file (type png)
<use graphics/related_products/study4.png>
Package pdftex.def Info: graphics/related_products/study4.png  used on input li
ne 10.
(pdftex.def)             Requested size: 318.66948pt x 134.85114pt.
[11 <./graphics/related_products/study4.png>]
<graphics/related_products/ito.png, id=1099, 886.512pt x 858.20625pt>
File: graphics/related_products/ito.png Graphic file (type png)
<use graphics/related_products/ito.png>
Package pdftex.def Info: graphics/related_products/ito.png  used on input line 
27.
(pdftex.def)             Requested size: 318.66948pt x 308.49568pt.
 [12] [13 <./graphics/related_products/ito.png>]
<graphics/related_products/forum.png, id=1110, 1478.52374pt x 701.62125pt>
File: graphics/related_products/forum.png Graphic file (type png)
<use graphics/related_products/forum.png>
Package pdftex.def Info: graphics/related_products/forum.png  used on input lin
e 47.
(pdftex.def)             Requested size: 318.66948pt x 151.22032pt.
<graphics/related_products/prep.png, id=1111, 1282.7925pt x 831.70724pt>
File: graphics/related_products/prep.png Graphic file (type png)
<use graphics/related_products/prep.png>
Package pdftex.def Info: graphics/related_products/prep.png  used on input line
 63.
(pdftex.def)             Requested size: 455.24411pt x 295.15027pt.
 [14 <./graphics/related_products/forum.png>] [15 <./graphics/related_products/
prep.png>] [16] [17]
ignored: Infinite glue shrinkage found in box being split [18]
ignored: Infini
te glue shrinkage found in box being split [19]
LaTeX Font Info:    Font shape `OT1/ptm/bx/n' in size <10.95> not available
(Font)              Font shape `OT1/ptm/b/n' tried instead on input line 175.
LaTeX Font Info:    Font shape `OT1/ptm/bx/n' in size <8> not available
(Font)              Font shape `OT1/ptm/b/n' tried instead on input line 175.
LaTeX Font Info:    Font shape `OT1/ptm/bx/n' in size <6> not available
(Font)              Font shape `OT1/ptm/b/n' tried instead on input line 175.
 [20]
<graphics/usecases/UC-xac-thuc-va-ho-so.png, id=1145, 660.4675pt x 402.50375pt>

File: graphics/usecases/UC-xac-thuc-va-ho-so.png Graphic file (type png)
<use graphics/usecases/UC-xac-thuc-va-ho-so.png>
Package pdftex.def Info: graphics/usecases/UC-xac-thuc-va-ho-so.png  used on in
put line 216.
(pdftex.def)             Requested size: 386.96027pt x 235.82918pt.
 [21]
<graphics/usecases/UC-hoat-dong-hoc-tap.png, id=1150, 1085.05376pt x 422.57875p
t>
File: graphics/usecases/UC-hoat-dong-hoc-tap.png Graphic file (type png)
<use graphics/usecases/UC-hoat-dong-hoc-tap.png>
Package pdftex.def Info: graphics/usecases/UC-hoat-dong-hoc-tap.png  used on in
put line 226.
(pdftex.def)             Requested size: 386.96027pt x 150.70322pt.
<graphics/usecases/UC-quan-tri-he-thong.png, id=1151, 973.6375pt x 402.50375pt>

File: graphics/usecases/UC-quan-tri-he-thong.png Graphic file (type png)
<use graphics/usecases/UC-quan-tri-he-thong.png>
Package pdftex.def Info: graphics/usecases/UC-quan-tri-he-thong.png  used on in
put line 236.
(pdftex.def)             Requested size: 386.96027pt x 159.96683pt.
 [22 <./graphics/usecases/UC-xac-thuc-va-ho-so.png> <./graphics/usecases/UC-hoa
t-dong-hoc-tap.png>]
(./chapters/main/usecases/0012-lambaithi.tex
ignored: Infinite glue shrinkage found in bo
x being split [23 <./graphics/usecases/UC-quan-tri-he-thong.png>]) (./chapters/
main/usecases/0015-taobaithi.tex [24])
(./chapters/main/usecases/0024-xemhuyhieu.tex
ignored: Infinite glue shrinkage found in b
ox being split [25])
(./chapters/main/usecases/0034-xemthongbao.tex
ignored: Infinite glue shrinkage found in 
box being split [26]) [27]
(./chapters/main/usecases/0037-theodoitientrinh.tex)
(./chapters/main/usecases/0038-luyentapspeakingai.tex [28])
<graphics/activity/lam_va_cham_diem_bai_thi.png, id=1251, 1409.265pt x 1780.652
5pt>
File: graphics/activity/lam_va_cham_diem_bai_thi.png Graphic file (type png)
<use graphics/activity/lam_va_cham_diem_bai_thi.png>
Package pdftex.def Info: graphics/activity/lam_va_cham_diem_bai_thi.png  used o
n input line 284.
(pdftex.def)             Requested size: 455.24411pt x 575.20021pt.
 [29] [30 <./graphics/activity/lam_va_cham_diem_bai_thi.png (PNG copy)>]
<graphics/activity/tao_va_quan_ly_de_thi.png, id=1272, 1308.89pt x 1047.915pt>
File: graphics/activity/tao_va_quan_ly_de_thi.png Graphic file (type png)
<use graphics/activity/tao_va_quan_ly_de_thi.png>
Package pdftex.def Info: graphics/activity/tao_va_quan_ly_de_thi.png  used on i
nput line 295.
(pdftex.def)             Requested size: 455.24411pt x 364.47319pt.
<graphics/activity/qua_trinh_hoc_tap.png, id=1274, 2011.515pt x 1891.065pt>
File: graphics/activity/qua_trinh_hoc_tap.png Graphic file (type png)
<use graphics/activity/qua_trinh_hoc_tap.png>
Package pdftex.def Info: graphics/activity/qua_trinh_hoc_tap.png  used on input
 line 306.
(pdftex.def)             Requested size: 455.24411pt x 427.98167pt.
 [31 <./graphics/activity/tao_va_quan_ly_de_thi.png (PNG copy)>]
<graphics/activity/he_thong_huy_hieu.png, id=1281, 1259.70625pt x 786.94pt>
File: graphics/activity/he_thong_huy_hieu.png Graphic file (type png)
<use graphics/activity/he_thong_huy_hieu.png>
Package pdftex.def Info: graphics/activity/he_thong_huy_hieu.png  used on input
 line 317.
(pdftex.def)             Requested size: 455.24411pt x 284.39088pt.
 [32 <./graphics/activity/qua_trinh_hoc_tap.png (PNG copy)>]
<graphics/activity/thong_bao.png, id=1287, 957.5775pt x 606.265pt>
File: graphics/activity/thong_bao.png Graphic file (type png)
<use graphics/activity/thong_bao.png>
Package pdftex.def Info: graphics/activity/thong_bao.png  used on input line 32
8.
(pdftex.def)             Requested size: 455.24411pt x 288.22864pt.
 [33 <./graphics/activity/he_thong_huy_hieu.png (PNG copy)>]
<graphics/activity/luyen_noi_ai.png, id=1293, 1509.64pt x 1690.315pt>
File: graphics/activity/luyen_noi_ai.png Graphic file (type png)
<use graphics/activity/luyen_noi_ai.png>
Package pdftex.def Info: graphics/activity/luyen_noi_ai.png  used on input line
 339.
(pdftex.def)             Requested size: 455.24411pt x 509.7292pt.

[34 <./graphics/activity/thong_bao.png (PNG copy)>] [35 <./graphics/activity/lu
yen_noi_ai.png (PNG copy)>]
<graphics/sequence/lam_va_cham_diem_bai_thi.png, id=1303, 1318.9275pt x 1339.00
25pt>
File: graphics/sequence/lam_va_cham_diem_bai_thi.png Graphic file (type png)
<use graphics/sequence/lam_va_cham_diem_bai_thi.png>
Package pdftex.def Info: graphics/sequence/lam_va_cham_diem_bai_thi.png  used o
n input line 355.
(pdftex.def)             Requested size: 455.24411pt x 462.16069pt.
 [36 <./graphics/sequence/lam_va_cham_diem_bai_thi.png (PNG copy)>]
<graphics/sequence/tao_va_quan_ly_de_thi.png, id=1309, 1308.89pt x 1459.4525pt>

File: graphics/sequence/tao_va_quan_ly_de_thi.png Graphic file (type png)
<use graphics/sequence/tao_va_quan_ly_de_thi.png>
Package pdftex.def Info: graphics/sequence/tao_va_quan_ly_de_thi.png  used on i
nput line 366.
(pdftex.def)             Requested size: 455.24411pt x 507.60924pt.
 [37]
<graphics/sequence/he_thong_huy_hieu.png, id=1316, 1324.95pt x 455.7025pt>
File: graphics/sequence/he_thong_huy_hieu.png Graphic file (type png)
<use graphics/sequence/he_thong_huy_hieu.png>
Package pdftex.def Info: graphics/sequence/he_thong_huy_hieu.png  used on input
 line 377.
(pdftex.def)             Requested size: 455.24411pt x 156.57085pt.
 [38 <./graphics/sequence/tao_va_quan_ly_de_thi.png (PNG copy)>]
<graphics/sequence/thong_bao.png, id=1322, 1158.3275pt x 1178.4025pt>
File: graphics/sequence/thong_bao.png Graphic file (type png)
<use graphics/sequence/thong_bao.png>
Package pdftex.def Info: graphics/sequence/thong_bao.png  used on input line 38
8.
(pdftex.def)             Requested size: 455.24411pt x 463.13536pt.
 [39 <./graphics/sequence/he_thong_huy_hieu.png (PNG copy)>] [40 <./graphics/se
quence/thong_bao.png (PNG copy)>]
ignored: Infinite glue shrinkage found in box being spl
it [41] [42] [43]
<graphics/architecture/clean.jpg, id=1354, 774.895pt x 569.12625pt>
File: graphics/architecture/clean.jpg Graphic file (type jpg)
<use graphics/architecture/clean.jpg>
Package pdftex.def Info: graphics/architecture/clean.jpg  used on input line 48
4.
(pdftex.def)             Requested size: 341.43307pt x 250.77237pt.
 [44 <./graphics/architecture/clean.jpg>] [45]
<graphics/architecture/Architecture.png, id=1371, 827.09pt x 455.7025pt>
File: graphics/architecture/Architecture.png Graphic file (type png)
<use graphics/architecture/Architecture.png>
Package pdftex.def Info: graphics/architecture/Architecture.png  used on input 
line 507.
(pdftex.def)             Requested size: 455.24411pt x 250.83183pt.
<graphics/ERD/server-auth-merged.png, id=1374, 3857.41125pt x 6504.3pt>
File: graphics/ERD/server-auth-merged.png Graphic file (type png)
<use graphics/ERD/server-auth-merged.png>
Package pdftex.def Info: graphics/ERD/server-auth-merged.png  used on input lin
e 520.
(pdftex.def)             Requested size: 386.96027pt x 652.45306pt.
 [46 <./graphics/architecture/Architecture.png (PNG copy)>] [47]
Overfull \vbox (67.67775pt too high) has occurred while \output is active []


[48 <./graphics/ERD/server-auth-merged.png>]
LaTeX Font Info:    Trying to load font information for T5+cmtt on input line 5
30.

(/home/culove/texmf/tex/latex/vntex/t5cmtt.fd
File: t5cmtt.fd 1999/05/25 v2.5h Standard LaTeX font definitions
)
<graphics/ERD/server-exam.png, id=1389, 9256.5825pt x 8841.03pt>
File: graphics/ERD/server-exam.png Graphic file (type png)
<use graphics/ERD/server-exam.png>
Package pdftex.def Info: graphics/ERD/server-exam.png  used on input line 538.
(pdftex.def)             Requested size: 386.96027pt x 369.49954pt.
 [49] [50 <./graphics/ERD/server-exam.png>]
<graphics/ERD/server-achievement.png, id=1402, 3953.77126pt x 4250.88126pt>
File: graphics/ERD/server-achievement.png Graphic file (type png)
<use graphics/ERD/server-achievement.png>
Package pdftex.def Info: graphics/ERD/server-achievement.png  used on input lin
e 578.
(pdftex.def)             Requested size: 341.43307pt x 367.06052pt.
 [51]
<graphics/ERD/server-file-service.png, id=1410, 1868.9825pt x 1852.9225pt>
File: graphics/ERD/server-file-service.png Graphic file (type png)
<use graphics/ERD/server-file-service.png>
Package pdftex.def Info: graphics/ERD/server-file-service.png  used on input li
ne 595.
(pdftex.def)             Requested size: 182.09486pt x 180.52492pt.
 [52 <./graphics/ERD/server-achievement.png>]
<graphics/ERD/server-live-chat.png, id=1416, 3857.41125pt x 1400.23125pt>
File: graphics/ERD/server-live-chat.png Graphic file (type png)
<use graphics/ERD/server-live-chat.png>
Package pdftex.def Info: graphics/ERD/server-live-chat.png  used on input line 
606.
(pdftex.def)             Requested size: 273.14923pt x 99.13722pt.
<graphics/ERD/server-resources.png, id=1417, 3828.3025pt x 5097.0425pt>
File: graphics/ERD/server-resources.png Graphic file (type png)
<use graphics/ERD/server-resources.png>
Package pdftex.def Info: graphics/ERD/server-resources.png  used on input line 
621.
(pdftex.def)             Requested size: 295.90588pt x 393.92787pt.
 [53 <./graphics/ERD/server-file-service.png> <./graphics/ERD/server-live-chat.
png>]
<graphics/ERD/server-notifications-unimplemented.png, id=1424, 2168.1pt x 4416.
5pt>
File: graphics/ERD/server-notifications-unimplemented.png Graphic file (type pn
g)
<use graphics/ERD/server-notifications-unimplemented.png>
Package pdftex.def Info: graphics/ERD/server-notifications-unimplemented.png  u
sed on input line 637.
(pdftex.def)             Requested size: 318.66948pt x 649.10315pt.
 [54 <./graphics/ERD/server-resources.png>] [55]
Overfull \vbox (64.32784pt too high) has occurred while \output is active []


[56 <./graphics/ERD/server-notifications-unimplemented.png>]
<graphics/ERD/server-reports-unimplemented.png, id=1440, 3203.97pt x 3399.70125
pt>
File: graphics/ERD/server-reports-unimplemented.png Graphic file (type png)
<use graphics/ERD/server-reports-unimplemented.png>
Package pdftex.def Info: graphics/ERD/server-reports-unimplemented.png  used on
 input line 652.
(pdftex.def)             Requested size: 295.90588pt x 313.9487pt.
<graphics/ERD/engapp-v2-core.png, id=1441, 8378.30125pt x 9876.9pt>
File: graphics/ERD/engapp-v2-core.png Graphic file (type png)
<use graphics/ERD/engapp-v2-core.png>
Package pdftex.def Info: graphics/ERD/engapp-v2-core.png  used on input line 66
8.
(pdftex.def)             Requested size: 386.96027pt x 456.04593pt.
 [57 <./graphics/ERD/server-reports-unimplemented.png>]
<graphics/ERD/engapp-v2-domain.png, id=1447, 12240.73125pt x 13662.04124pt>
File: graphics/ERD/engapp-v2-domain.png Graphic file (type png)
<use graphics/ERD/engapp-v2-domain.png>
Package pdftex.def Info: graphics/ERD/engapp-v2-domain.png  used on input line 
676.
(pdftex.def)             Requested size: 386.96027pt x 431.73245pt.
 [58 <./graphics/ERD/engapp-v2-core.png>]
[59 <./graphics/ERD/engapp-v2-domain.png>]) [60]
\openout2 = `chapters/main/4-ai-features.aux'.


(./chapters/main/4-ai-features.tex
CHĆŻĆ NG 4.
[61




] [62]
LaTeX Info: Symbol \textrightarrow not provided by
            font family ptm in TS1 encoding.
            Default family used instead on input line 72.
LaTeX Info: Symbol \textrightarrow not provided by
            font family ptm in TS1 encoding.
            Default family used instead on input line 72.
 [63{/usr/share/texmf-dist/fonts/enc/dvips/cm-super/cm-super-ts1.enc}] [64] [65
] [66] [67]
Overfull \hbox (40.20645pt too wide) in paragraph at lines 179--180
[]\T5/ptm/m/n/12 Module hi»n t¤i cőa hĺc sinh ^^_÷ńc t˝nh ^^_ëng t¤i méi re-que
st qua \T5/cmtt/m/n/12 computeCurrentModuleNumber()\T5/ptm/m/n/12 ,
 []

[68] [69] [70] [71]
<graphics/writing/phan_phoi_data_set.png, id=1557, 1072.005pt x 349.305pt>
File: graphics/writing/phan_phoi_data_set.png Graphic file (type png)
<use graphics/writing/phan_phoi_data_set.png>
Package pdftex.def Info: graphics/writing/phan_phoi_data_set.png  used on input
 line 289.
(pdftex.def)             Requested size: 373.3035pt x 121.63496pt.
 [72]
<graphics/writing/phan_phoi_task_type.png, id=1564, 982.872pt x 349.305pt>
File: graphics/writing/phan_phoi_task_type.png Graphic file (type png)
<use graphics/writing/phan_phoi_task_type.png>
Package pdftex.def Info: graphics/writing/phan_phoi_task_type.png  used on inpu
t line 295.
(pdftex.def)             Requested size: 373.3035pt x 132.66798pt.
 [73 <./graphics/writing/phan_phoi_data_set.png> <./graphics/writing/phan_phoi_
task_type.png>] [74]) [75]
\openout2 = `chapters/main/5-simulation-design.aux'.


(./chapters/main/5-simulation-design.tex [76




]
CHĆŻĆ NG 5.
<graphics/ui/homepage.jpg, id=1591, 1031.65425pt x 1009.97325pt>
File: graphics/ui/homepage.jpg Graphic file (type jpg)
<use graphics/ui/homepage.jpg>
Package pdftex.def Info: graphics/ui/homepage.jpg  used on input line 11.
(pdftex.def)             Requested size: 341.43307pt x 334.26309pt.
[77]
<graphics/ui/auth.jpg, id=1596, 1838.87pt x 1059.96pt>
File: graphics/ui/auth.jpg Graphic file (type jpg)
<use graphics/ui/auth.jpg>
Package pdftex.def Info: graphics/ui/auth.jpg  used on input line 21.
(pdftex.def)             Requested size: 341.43307pt x 196.80116pt.
 [78 <./graphics/ui/homepage.jpg>]
<graphics/ui/dashboard.jpg, id=1601, 1852.9225pt x 889.3225pt>
File: graphics/ui/dashboard.jpg Graphic file (type jpg)
<use graphics/ui/dashboard.jpg>
Package pdftex.def Info: graphics/ui/dashboard.jpg  used on input line 36.
(pdftex.def)             Requested size: 341.43307pt x 163.87073pt.
 [79 <./graphics/ui/auth.jpg> <./graphics/ui/dashboard.jpg>]
<graphics/ui/exam/exam-selection.jpg, id=1609, 1563.8425pt x 1224.575pt>
File: graphics/ui/exam/exam-selection.jpg Graphic file (type jpg)
<use graphics/ui/exam/exam-selection.jpg>
Package pdftex.def Info: graphics/ui/exam/exam-selection.jpg  used on input lin
e 48.
(pdftex.def)             Requested size: 341.43307pt x 267.35193pt.
<graphics/ui/exam/exam-detail.jpg, id=1610, 1549.79pt x 1772.6225pt>
File: graphics/ui/exam/exam-detail.jpg Graphic file (type jpg)
<use graphics/ui/exam/exam-detail.jpg>
Package pdftex.def Info: graphics/ui/exam/exam-detail.jpg  used on input line 5
8.
(pdftex.def)             Requested size: 341.43307pt x 390.51912pt.
 [80 <./graphics/ui/exam/exam-selection.jpg>]
<graphics/ui/exam/exam-interface.jpg, id=1616, 1557.82pt x 1772.6225pt>
File: graphics/ui/exam/exam-interface.jpg Graphic file (type jpg)
<use graphics/ui/exam/exam-interface.jpg>
Package pdftex.def Info: graphics/ui/exam/exam-interface.jpg  used on input lin
e 67.
(pdftex.def)             Requested size: 341.43307pt x 388.49052pt.
 [81 <./graphics/ui/exam/exam-detail.jpg>]
<graphics/ui/exam/exam-interface-highlight.jpg, id=1621, 1379.1525pt x 735.7487
5pt>
File: graphics/ui/exam/exam-interface-highlight.jpg Graphic file (type jpg)
<use graphics/ui/exam/exam-interface-highlight.jpg>
Package pdftex.def Info: graphics/ui/exam/exam-interface-highlight.jpg  used on
 input line 76.
(pdftex.def)             Requested size: 341.43307pt x 182.14047pt.
 [82 <./graphics/ui/exam/exam-interface.jpg>]
<graphics/ui/exam/exam-interface-create-flashcard.jpg, id=1626, 1476.51625pt x 
877.2775pt>
File: graphics/ui/exam/exam-interface-create-flashcard.jpg Graphic file (type j
pg)
<use graphics/ui/exam/exam-interface-create-flashcard.jpg>
Package pdftex.def Info: graphics/ui/exam/exam-interface-create-flashcard.jpg  
used on input line 85.
(pdftex.def)             Requested size: 341.43307pt x 202.85385pt.
<graphics/ui/exam/exam-result.jpg, id=1627, 1533.73pt x 1759.57375pt>
File: graphics/ui/exam/exam-result.jpg Graphic file (type jpg)
<use graphics/ui/exam/exam-result.jpg>
Package pdftex.def Info: graphics/ui/exam/exam-result.jpg  used on input line 9
4.
(pdftex.def)             Requested size: 341.43307pt x 391.6986pt.

[83 <./graphics/ui/exam/exam-interface-highlight.jpg> <./graphics/ui/exam/exam-
interface-create-flashcard.jpg>]
<graphics/ui/flashcard/flashcard-my-list.jpg, id=1633, 1857.94125pt x 889.3225p
t>
File: graphics/ui/flashcard/flashcard-my-list.jpg Graphic file (type jpg)
<use graphics/ui/flashcard/flashcard-my-list.jpg>
Package pdftex.def Info: graphics/ui/flashcard/flashcard-my-list.jpg  used on i
nput line 108.
(pdftex.def)             Requested size: 341.43307pt x 163.42291pt.
 [84 <./graphics/ui/exam/exam-result.jpg>]
<graphics/ui/flashcard/flashcard-my-flashcard.jpg, id=1638, 1847.90375pt x 878.
28125pt>
File: graphics/ui/flashcard/flashcard-my-flashcard.jpg Graphic file (type jpg)
<use graphics/ui/flashcard/flashcard-my-flashcard.jpg>
Package pdftex.def Info: graphics/ui/flashcard/flashcard-my-flashcard.jpg  used
 on input line 118.
(pdftex.def)             Requested size: 341.43307pt x 162.27846pt.
<graphics/ui/flashcard/flashcard-create-list.jpg, id=1639, 1850.915pt x 876.273
74pt>
File: graphics/ui/flashcard/flashcard-create-list.jpg Graphic file (type jpg)
<use graphics/ui/flashcard/flashcard-create-list.jpg>
Package pdftex.def Info: graphics/ui/flashcard/flashcard-create-list.jpg  used 
on input line 127.
(pdftex.def)             Requested size: 341.43307pt x 161.64012pt.

[85 <./graphics/ui/flashcard/flashcard-my-list.jpg> <./graphics/ui/flashcard/fl
ashcard-my-flashcard.jpg>]
<graphics/ui/flashcard/flashcard-create-flashcard.jpg, id=1648, 1851.91875pt x 
876.27374pt>
File: graphics/ui/flashcard/flashcard-create-flashcard.jpg Graphic file (type j
pg)
<use graphics/ui/flashcard/flashcard-create-flashcard.jpg>
Package pdftex.def Info: graphics/ui/flashcard/flashcard-create-flashcard.jpg  
used on input line 136.
(pdftex.def)             Requested size: 341.43307pt x 161.54652pt.
<graphics/ui/LingriserSpeaking/speaking-landing.jpg, id=1649, 1566.85374pt x 17
08.3825pt>
File: graphics/ui/LingriserSpeaking/speaking-landing.jpg Graphic file (type jpg
)
<use graphics/ui/LingriserSpeaking/speaking-landing.jpg>
Package pdftex.def Info: graphics/ui/LingriserSpeaking/speaking-landing.jpg  us
ed on input line 147.
(pdftex.def)             Requested size: 341.43307pt x 372.27403pt.
 [86 <./graphics/ui/flashcard/flashcard-create-list.jpg> <./graphics/ui/flashca
rd/flashcard-create-flashcard.jpg>]
<graphics/ui/profile/profile-progress.jpg, id=1656, 1549.79pt x 1339.0025pt>
File: graphics/ui/profile/profile-progress.jpg Graphic file (type jpg)
<use graphics/ui/profile/profile-progress.jpg>
Package pdftex.def Info: graphics/ui/profile/profile-progress.jpg  used on inpu
t line 157.
(pdftex.def)             Requested size: 341.43307pt x 294.9901pt.
 [87 <./graphics/ui/LingriserSpeaking/speaking-landing.jpg>]
<graphics/ui/profile/profile-overview.jpg, id=1662, 1549.79pt x 1635.10875pt>
File: graphics/ui/profile/profile-overview.jpg Graphic file (type jpg)
<use graphics/ui/profile/profile-overview.jpg>
Package pdftex.def Info: graphics/ui/profile/profile-overview.jpg  used on inpu
t line 168.
(pdftex.def)             Requested size: 341.43307pt x 360.22403pt.
 [88 <./graphics/ui/profile/profile-progress.jpg>]
<graphics/ui/profile/profile-achievement.jpg, id=1668, 1564.84625pt x 1436.3662
6pt>
File: graphics/ui/profile/profile-achievement.jpg Graphic file (type jpg)
<use graphics/ui/profile/profile-achievement.jpg>
Package pdftex.def Info: graphics/ui/profile/profile-achievement.jpg  used on i
nput line 176.
(pdftex.def)             Requested size: 341.43307pt x 313.39342pt.
 [89 <./graphics/ui/profile/profile-overview.jpg>]
<graphics/ui/profile/profile-history.jpg, id=1674, 1529.715pt x 1346.02875pt>
File: graphics/ui/profile/profile-history.jpg Graphic file (type jpg)
<use graphics/ui/profile/profile-history.jpg>
Package pdftex.def Info: graphics/ui/profile/profile-history.jpg  used on input
 line 187.
(pdftex.def)             Requested size: 341.43307pt x 300.41983pt.
 [90 <./graphics/ui/profile/profile-achievement.jpg>]
<graphics/ui/profile/profile-add-goal.jpg, id=1679, 869.04675pt x 516.7305pt>
File: graphics/ui/profile/profile-add-goal.jpg Graphic file (type jpg)
<use graphics/ui/profile/profile-add-goal.jpg>
Package pdftex.def Info: graphics/ui/profile/profile-add-goal.jpg  used on inpu
t line 196.
(pdftex.def)             Requested size: 341.43307pt x 203.01428pt.
 [91 <./graphics/ui/profile/profile-history.jpg>]
<graphics/ui/blog/blog-selection.jpg, id=1685, 1545.775pt x 1757.56625pt>
File: graphics/ui/blog/blog-selection.jpg Graphic file (type jpg)
<use graphics/ui/blog/blog-selection.jpg>
Package pdftex.def Info: graphics/ui/blog/blog-selection.jpg  used on input lin
e 207.
(pdftex.def)             Requested size: 341.43307pt x 388.19441pt.
 [92 <./graphics/ui/profile/profile-add-goal.jpg>]
<graphics/ui/blog/blog-example.jpg, id=1691, 1871.99374pt x 890.32625pt>
File: graphics/ui/blog/blog-example.jpg Graphic file (type jpg)
<use graphics/ui/blog/blog-example.jpg>
Package pdftex.def Info: graphics/ui/blog/blog-example.jpg  used on input line 
216.
(pdftex.def)             Requested size: 341.43307pt x 162.38469pt.
 [93 <./graphics/ui/blog/blog-selection.jpg>]
<graphics/ui/chat/chat.jpg, id=1697, 1592.95125pt x 880.28876pt>
File: graphics/ui/chat/chat.jpg Graphic file (type jpg)
<use graphics/ui/chat/chat.jpg>
Package pdftex.def Info: graphics/ui/chat/chat.jpg  used on input line 226.
(pdftex.def)             Requested size: 341.43307pt x 188.6808pt.
 [94 <./graphics/ui/blog/blog-example.jpg> <./graphics/ui/chat/chat.jpg>]
<graphics/ui/admin/admin-dashboard.jpg, id=1705, 1848.9075pt x 881.2925pt>
File: graphics/ui/admin/admin-dashboard.jpg Graphic file (type jpg)
<use graphics/ui/admin/admin-dashboard.jpg>
Package pdftex.def Info: graphics/ui/admin/admin-dashboard.jpg  used on input l
ine 239.
(pdftex.def)             Requested size: 341.43307pt x 162.7407pt.
<graphics/ui/admin/exam-creation.jpg, id=1706, 1854.93pt x 880.28876pt>
File: graphics/ui/admin/exam-creation.jpg Graphic file (type jpg)
<use graphics/ui/admin/exam-creation.jpg>
Package pdftex.def Info: graphics/ui/admin/exam-creation.jpg  used on input lin
e 256.
(pdftex.def)             Requested size: 341.43307pt x 162.03151pt.
 [95 <./graphics/ui/admin/admin-dashboard.jpg>]
<graphics/ui/admin/exam-management.jpg, id=1713, 1584.92125pt x 1043.9pt>
File: graphics/ui/admin/exam-management.jpg Graphic file (type jpg)
<use graphics/ui/admin/exam-management.jpg>
Package pdftex.def Info: graphics/ui/admin/exam-management.jpg  used on input l
ine 270.
(pdftex.def)             Requested size: 341.43307pt x 224.88013pt.
 [96 <./graphics/ui/admin/exam-creation.jpg> <./graphics/ui/admin/exam-manageme
nt.jpg>]
<graphics/ui/admin/blog-management.jpg, id=1721, 1582.91376pt x 983.675pt>
File: graphics/ui/admin/blog-management.jpg Graphic file (type jpg)
<use graphics/ui/admin/blog-management.jpg>
Package pdftex.def Info: graphics/ui/admin/blog-management.jpg  used on input l
ine 285.
(pdftex.def)             Requested size: 341.43307pt x 212.17644pt.
<graphics/ui/admin/exam-approval.jpg, id=1722, 1584.92125pt x 984.67876pt>
File: graphics/ui/admin/exam-approval.jpg Graphic file (type jpg)
<use graphics/ui/admin/exam-approval.jpg>
Package pdftex.def Info: graphics/ui/admin/exam-approval.jpg  used on input lin
e 297.
(pdftex.def)             Requested size: 341.43307pt x 212.1225pt.

[97 <./graphics/ui/admin/blog-management.jpg>]
<graphics/ui/admin/user-management.jpg, id=1729, 1581.91pt x 901.3675pt>
File: graphics/ui/admin/user-management.jpg Graphic file (type jpg)
<use graphics/ui/admin/user-management.jpg>
Package pdftex.def Info: graphics/ui/admin/user-management.jpg  used on input l
ine 309.
(pdftex.def)             Requested size: 341.43307pt x 194.54668pt.
 [98 <./graphics/ui/admin/exam-approval.jpg> <./graphics/ui/admin/user-manageme
nt.jpg>]
<graphics/ui/admin/norify-management.jpg, id=1736, 1584.92125pt x 1667.22874pt>

File: graphics/ui/admin/norify-management.jpg Graphic file (type jpg)
<use graphics/ui/admin/norify-management.jpg>
Package pdftex.def Info: graphics/ui/admin/norify-management.jpg  used on input
 line 322.
(pdftex.def)             Requested size: 341.43307pt x 359.15952pt.
 [99 <./graphics/ui/admin/norify-management.jpg>]
<graphics/lingriser/dashboard.png, id=1742, 1368.11125pt x 731.73375pt>
File: graphics/lingriser/dashboard.png Graphic file (type png)
<use graphics/lingriser/dashboard.png>
Package pdftex.def Info: graphics/lingriser/dashboard.png  used on input line 3
41.
(pdftex.def)             Requested size: 341.43307pt x 182.60919pt.
<graphics/lingriser/mentor.png, id=1743, 939.51pt x 689.57625pt>
File: graphics/lingriser/mentor.png Graphic file (type png)
<use graphics/lingriser/mentor.png>
Package pdftex.def Info: graphics/lingriser/mentor.png  used on input line 352.

(pdftex.def)             Requested size: 409.71692pt x 300.72083pt.
 [100 <./graphics/lingriser/dashboard.png>]
<graphics/lingriser/parents.png, id=1749, 671.50874pt x 663.47874pt>
File: graphics/lingriser/parents.png Graphic file (type png)
<use graphics/lingriser/parents.png>
Package pdftex.def Info: graphics/lingriser/parents.png  used on input line 363
.
(pdftex.def)             Requested size: 400.61703pt x 395.82257pt.
 [101 <./graphics/lingriser/mentor.png>]
<graphics/lingriser/programs.png, id=1755, 1257.69875pt x 730.73pt>
File: graphics/lingriser/programs.png Graphic file (type png)
<use graphics/lingriser/programs.png>
Package pdftex.def Info: graphics/lingriser/programs.png  used on input line 37
4.
(pdftex.def)             Requested size: 409.71692pt x 238.04193pt.
 [102 <./graphics/lingriser/parents.png>]
<graphics/lingriser/admin.png, id=1761, 1349.04pt x 651.43375pt>
File: graphics/lingriser/admin.png Graphic file (type png)
<use graphics/lingriser/admin.png>
Package pdftex.def Info: graphics/lingriser/admin.png  used on input line 385.
(pdftex.def)             Requested size: 341.43307pt x 164.86592pt.
 [103 <./graphics/lingriser/programs.png>]) [104 <./graphics/lingriser/admin.pn
g>]
\openout2 = `chapters/main/6-deployment.aux'.


(./chapters/main/6-deployment.tex
CHĆŻĆ NG 6.
[105




]
<graphics/architecture/Deployment1.png, id=1782, 2009.5075pt x 993.7125pt>
File: graphics/architecture/Deployment1.png Graphic file (type png)
<use graphics/architecture/Deployment1.png>
Package pdftex.def Info: graphics/architecture/Deployment1.png  used on input l
ine 32.
(pdftex.def)             Requested size: 455.24411pt x 225.1071pt.
 [106] [107 <./graphics/architecture/Deployment1.png>] [108]) [109]
\openout2 = `chapters/main/7-system-eval.aux'.


(./chapters/main/7-system-eval.tex [110




]
CHĆŻĆ NG 7.
[111]
Overfull \hbox (4.47969pt too wide) in paragraph at lines 29--40
 [][] 
 []

[112]
Overfull \hbox (43.32306pt too wide) in paragraph at lines 60--71
 [][] 
 []

[113]) [114] [115]
\openout2 = `chapters/main/8-work-evaluation-future-plan.aux'.

 (./chapters/main/8-work-evaluation-future-plan.tex [116




]
CHĆŻĆ NG 8.
[117] [118] [119] [120]) [121]
\openout2 = `chapters/main/9-conclusion.aux'.

 (./chapters/main/9-conclusion.tex [122




]
CHĆŻĆ NG 9.
) [123] [124



] (./thesis.bbl [125

] [126] [127]) [128]
\openout2 = `chapters/back/appendix-a-contributions.aux'.


(./chapters/back/appendix-a-contributions.tex
(./chapters/back/appendix-contributions.tex
ignored: Infinite glue shrinkage found in box
 being split [129



])) [130]
\openout2 = `chapters/back/appendix-b-usecases.aux'.


(./chapters/back/appendix-b-usecases.tex [131




]
(./chapters/main/usecases/0001-dangnhap.tex) [132

]
(./chapters/main/usecases/0002-dangky.tex) [133

]
(./chapters/main/usecases/0003-dangxuat.tex) [134

]
(./chapters/main/usecases/0004-xemhoso.tex) [135

]
(./chapters/main/usecases/0005-capnhathoso.tex) [136

]
(./chapters/main/usecases/0006-lienkettaikhoan.tex) [137

]
(./chapters/main/usecases/0007-doimatkhau.tex) [138

]
(./chapters/main/usecases/0008-xoathongtinxacthuc.tex) [139

]
(./chapters/main/usecases/0009-timkiemnguoidung.tex) [140

]
(./chapters/main/usecases/0010-duyetbaithi.tex) [141

]
(./chapters/main/usecases/0011-xemchitietbaithi.tex) [142

]
(./chapters/main/usecases/0013-xemketquabaithi.tex) [143

]
(./chapters/main/usecases/0014-xemlichsu.tex) [144

]
(./chapters/main/usecases/0016-chinhsuabaithi.tex) [145

]
(./chapters/main/usecases/0017-xoabaithi.tex) [146

]
(./chapters/main/usecases/0018-pheduyetbaithi.tex) [147

]
(./chapters/main/usecases/0019-quanlyphanthi.tex) [148

]
(./chapters/main/usecases/0020-quanlycauhoi.tex) [149

]
(./chapters/main/usecases/0021-quanlythephanloai.tex) [150

]
(./chapters/main/usecases/0022-quanlynguoidung.tex) [151

]
(./chapters/main/usecases/0023-taiteplen.tex) [152

]
(./chapters/main/usecases/0025-thamgiaphongchat.tex) [153

]
(./chapters/main/usecases/0026-guitinnhan.tex) [154

]
(./chapters/main/usecases/0027-taophongchat.tex) [155

]
(./chapters/main/usecases/0028-xoaphongchat.tex) [156

]
(./chapters/main/usecases/0029-xemlichsutinnhan.tex) [157

]
(./chapters/main/usecases/0030-cannguoidung.tex) [158

]
(./chapters/main/usecases/0031-quanlytheghinno.tex
ignored: Infinite glue shrinkage found
 in box being split [159

]) [160]
(./chapters/main/usecases/0032-quanlybaiviet.tex) [161

]
(./chapters/main/usecases/0033-quanlybaocao.tex
LaTeX Info: Symbol \textrightarrow not provided by
            font family ptm in TS1 encoding.
            Default family used instead on input line 63.
LaTeX Info: Symbol \textrightarrow not provided by
            font family ptm in TS1 encoding.
            Default family used instead on input line 63.
LaTeX Info: Symbol \textrightarrow not provided by
            font family ptm in TS1 encoding.
            Default family used instead on input line 63.
 [162

]) [163]
(./chapters/main/usecases/0035-nhanthongbaotructiep.tex) [164

]
(./chapters/main/usecases/0036-datlichgoivideo.tex)) [165

]
\openout2 = `chapters/back/appendix-c-e2e.aux'.


(./chapters/back/appendix-c-e2e.tex [166




]
(./chapters/main/test/e2e-testcases-table.tex [167]
Overfull \hbox (16.47812pt too wide) in paragraph at lines 57--58
\T5/ptm/m/n/10 ''new@example.com''  
 []


Overfull \hbox (8.43811pt too wide) in paragraph at lines 70--70
\T5/ptm/m/n/10 ing@example.com''|  
 []


Overfull \hbox (13.8381pt too wide) in paragraph at lines 75--76
\T5/ptm/m/n/10 ''test@example.com''  
 []

LaTeX Font Info:    Font shape `OT1/ptm/bx/n' in size <10> not available
(Font)              Font shape `OT1/ptm/b/n' tried instead on input line 95.
LaTeX Font Info:    Font shape `OT1/ptm/bx/n' in size <7.4> not available
(Font)              Font shape `OT1/ptm/b/n' tried instead on input line 95.

Overfull \hbox (15.65811pt too wide) in paragraph at lines 105--106
\T5/ptm/m/n/10 ''link@example.com''  
 []


Overfull \hbox (0.98726pt too wide) in paragraph at lines 117--117
[]|\T5/ptm/m/n/10 EXAM 
 []


Overfull \hbox (0.98726pt too wide) in paragraph at lines 122--122
[]|\T5/ptm/m/n/10 EXAM 
 []


Overfull \hbox (0.98726pt too wide) in paragraph at lines 129--129
[]|\T5/ptm/m/n/10 EXAM 
 []


Overfull \hbox (0.98726pt too wide) in paragraph at lines 135--135
[]|\T5/ptm/m/n/10 EXAM 
 []


Overfull \hbox (0.98726pt too wide) in paragraph at lines 142--142
[]|\T5/ptm/m/n/10 EXAM 
 []


Overfull \hbox (0.98726pt too wide) in paragraph at lines 149--149
[]|\T5/ptm/m/n/10 EXAM 
 []


Overfull \hbox (0.98726pt too wide) in paragraph at lines 154--154
[]|\T5/ptm/m/n/10 EXAM 
 []


Overfull \hbox (0.98726pt too wide) in paragraph at lines 159--159
[]|\T5/ptm/m/n/10 EXAM 
 []


Overfull \hbox (0.98726pt too wide) in paragraph at lines 164--164
[]|\T5/ptm/m/n/10 EXAM 
 []


Overfull \hbox (2.65726pt too wide) in paragraph at lines 175--175
[]|\T5/ptm/m/n/10 MGMT 
 []


Overfull \hbox (2.65726pt too wide) in paragraph at lines 183--183
[]|\T5/ptm/m/n/10 MGMT 
 []


Overfull \hbox (2.65726pt too wide) in paragraph at lines 190--190
[]|\T5/ptm/m/n/10 MGMT 
 []


Overfull \hbox (2.65726pt too wide) in paragraph at lines 199--199
[]|\T5/ptm/m/n/10 MGMT 
 []


Overfull \hbox (2.65726pt too wide) in paragraph at lines 207--207
[]|\T5/ptm/m/n/10 MGMT 
 []


Overfull \hbox (28.81812pt too wide) in paragraph at lines 391--392
\T5/ptm/m/n/10 ''teacher@example.com''  
 []


Overfull \hbox (12.87811pt too wide) in paragraph at lines 501--502
\T5/ptm/m/n/10 dent@example.com''  
 []

[168

] [169] [170] [171] [172] [173] [174] [175] [176] [177] [178] [179]
[180] [181] [182] [183] [184]))
\tf@toc=\write6
\openout6 = `thesis.toc'.

\tf@lot=\write7
\openout7 = `thesis.lot'.

\tf@lof=\write8
\openout8 = `thesis.lof'.

 (./thesis.aux
(./chapters/front/1-declaration.aux) (./chapters/front/2-acknowledge.aux)
(./chapters/front/3-abstract.aux) (./chapters/main/1-introduction.aux)
(./chapters/main/2-technology-stack.aux)
(./chapters/main/3-system-design-analysis.aux)
(./chapters/main/4-ai-features.aux) (./chapters/main/5-simulation-design.aux)
(./chapters/main/6-deployment.aux) (./chapters/main/7-system-eval.aux)
(./chapters/main/8-work-evaluation-future-plan.aux)
(./chapters/main/9-conclusion.aux)
(./chapters/back/appendix-a-contributions.aux)
(./chapters/back/appendix-b-usecases.aux) (./chapters/back/appendix-c-e2e.aux))
 ***********
LaTeX2e <2025-11-01>
L3 programming layer <2020/03/25>
 ***********
Package rerunfilecheck Info: File `thesis.out' has not changed.
(rerunfilecheck)             Checksum: DE8926FEBEB5F16A8BF1004DF630AB33;27090.
 ) 
Here is how much of TeX's memory you used:
 33816 strings out of 469515
 630084 string characters out of 5470807
 1290062 words of memory out of 5000000
 60526 multiletter control sequences out of 15000+600000
 714271 words of font info for 163 fonts, out of 8000000 for 9000
 14 hyphenation exceptions out of 8191
 99i,15n,118p,1268b,757s stack positions out of 10000i,1000n,20000p,200000b,200000s
</usr/share/texmf-dist/fonts/type1/public/amsfonts/cm/cmmi10.pfb></usr/share/
texmf-dist/fonts/type1/public/amsfonts/cm/cmr10.pfb></usr/share/texmf-dist/font
s/type1/public/amsfonts/cm/cmsy10.pfb></usr/share/texmf-dist/fonts/type1/public
/amsfonts/symbols/msam10.pfb></usr/share/texmf-dist/fonts/type1/public/cm-super
/sfrm1095.pfb></usr/share/texmf-dist/fonts/type1/public/cm-super/sfrm1200.pfb><
/usr/share/texmf-dist/fonts/type1/public/cm-super/sftt1200.pfb></home/culove/te
xmf/fonts/type1/vntex/urwvn/utmb8v.pfb></home/culove/texmf/fonts/type1/vntex/ur
wvn/utmbi8v.pfb></usr/share/texmf-dist/fonts/type1/urw/times/utmr8a.pfb></home/
culove/texmf/fonts/type1/vntex/urwvn/utmr8v.pfb></usr/share/texmf-dist/fonts/ty
pe1/urw/times/utmri8a.pfb></home/culove/texmf/fonts/type1/vntex/urwvn/utmri8v.p
fb></home/culove/texmf/fonts/type1/vntex/vnr/vntt12.pfb>
Output written on thesis.pdf (202 pages, 29468669 bytes).
PDF statistics:
 3074 PDF objects out of 3580 (max. 8388607)
 2710 compressed objects within 28 object streams
 1182 named destinations out of 1200 (max. 500000)
 1404 words of extra memory for PDF output out of 10000 (max. 10000000)

